MongoError: insertDocument :: caused by :: 11000 E11000 duplicate key error index: herro_dev.animes.$series_title_main_1  dup key: { : "Kanariya wa Kago no Naka" }
 URL: http://shikimori.org/api/animes/4000

MongoError: insertDocument :: caused by :: 11000 E11000 duplicate key error index: herro_dev.animes.$series_title_main_1  dup key: { : "Dream Hunter REM" }
 URL: http://shikimori.org/api/animes/4003

MongoError: insertDocument :: caused by :: 11000 E11000 duplicate key error index: herro_dev.animes.$series_title_main_1  dup key: { : "Inda no Himekishi Janne" }
 URL: http://shikimori.org/api/animes/4004

MongoError: insertDocument :: caused by :: 11000 E11000 duplicate key error index: herro_dev.animes.$series_title_main_1  dup key: { : "Heisa Byoutou" }
 URL: http://shikimori.org/api/animes/4009

MongoError: insertDocument :: caused by :: 11000 E11000 duplicate key error index: herro_dev.animes.$series_title_main_1  dup key: { : "Alignment You! You! The Animation" }
 URL: http://shikimori.org/api/animes/4010

MongoError: insertDocument :: caused by :: 11000 E11000 duplicate key error index: herro_dev.animes.$series_title_main_1  dup key: { : "Binetsukko b37C" }
 URL: http://shikimori.org/api/animes/4011

MongoError: insertDocument :: caused by :: 11000 E11000 duplicate key error index: herro_dev.animes.$series_title_main_1  dup key: { : "First Squad" }
 URL: http://shikimori.org/api/animes/4012

MongoError: insertDocument :: caused by :: 11000 E11000 duplicate key error index: herro_dev.animes.$series_title_main_1  dup key: { : "Paul no Miracle Daisakusen" }
 URL: http://shikimori.org/api/animes/4013

MongoError: insertDocument :: caused by :: 11000 E11000 duplicate key error index: herro_dev.animes.$series_title_main_1  dup key: { : "Choujin Locke: Lord Leon" }
 URL: http://shikimori.org/api/animes/4014

MongoError: insertDocument :: caused by :: 11000 E11000 duplicate key error index: herro_dev.animes.$series_title_main_1  dup key: { : "School Rumble San Gakki" }
 URL: http://shikimori.org/api/animes/4015

MongoError: insertDocument :: caused by :: 11000 E11000 duplicate key error index: herro_dev.animes.$series_title_main_1  dup key: { : "Magical Moe" }
 URL: http://shikimori.org/api/animes/4017

MongoError: insertDocument :: caused by :: 11000 E11000 duplicate key error index: herro_dev.animes.$series_title_main_1  dup key: { : "Antique Bakery" }
 URL: http://shikimori.org/api/animes/4021

MongoError: insertDocument :: caused by :: 11000 E11000 duplicate key error index: herro_dev.animes.$series_title_main_1  dup key: { : "Kitty's Paradise" }
 URL: http://shikimori.org/api/animes/4023

MongoError: insertDocument :: caused by :: 11000 E11000 duplicate key error index: herro_dev.animes.$series_title_main_1  dup key: { : "Sanrio Anime Sekai Meisaku Gekijou" }
 URL: http://shikimori.org/api/animes/4024

MongoError: insertDocument :: caused by :: 11000 E11000 duplicate key error index: herro_dev.animes.$series_title_main_1  dup key: { : "Asobou! Hello Kitty" }
 URL: http://shikimori.org/api/animes/4025

MongoError: insertDocument :: caused by :: 11000 E11000 duplicate key error index: herro_dev.animes.$series_title_main_1  dup key: { : "Pokemon Diamond & Pearl: Giratina to Sora no Hanataba Sheimi" }
 URL: http://shikimori.org/api/animes/4026

MongoError: insertDocument :: caused by :: 11000 E11000 duplicate key error index: herro_dev.animes.$series_title_main_1  dup key: { : "Makai Tenshi Djibril: Episode 2" }
 URL: http://shikimori.org/api/animes/4027

MongoError: insertDocument :: caused by :: 11000 E11000 duplicate key error index: herro_dev.animes.$series_title_main_1  dup key: { : "Slayers Revolution" }
 URL: http://shikimori.org/api/animes/4028

MongoError: insertDocument :: caused by :: 11000 E11000 duplicate key error index: herro_dev.animes.$series_title_main_1  dup key: { : "Sakigake!! Otokojuku Movie" }
 URL: http://shikimori.org/api/animes/4031

MongoError: insertDocument :: caused by :: 11000 E11000 duplicate key error index: herro_dev.animes.$series_title_main_1  dup key: { : "The iDOLM@STER: Live for You!" }
 URL: http://shikimori.org/api/animes/4033

MongoError: insertDocument :: caused by :: 11000 E11000 duplicate key error index: herro_dev.animes.$series_title_main_1  dup key: { : "Sailor Senshi Venus♥Five" }
 URL: http://shikimori.org/api/animes/4034

MongoError: insertDocument :: caused by :: 11000 E11000 duplicate key error index: herro_dev.animes.$series_title_main_1  dup key: { : "Cowboy Bebop Session XX: Mish-Mash Blues" }
 URL: http://shikimori.org/api/animes/4037

MongoError: insertDocument :: caused by :: 11000 E11000 duplicate key error index: herro_dev.animes.$series_title_main_1  dup key: { : "Zettai Karen Children" }
 URL: http://shikimori.org/api/animes/4038

MongoError: insertDocument :: caused by :: 11000 E11000 duplicate key error index: herro_dev.animes.$series_title_main_1  dup key: { : "Golgo 13" }
 URL: http://shikimori.org/api/animes/4039

MongoError: insertDocument :: caused by :: 11000 E11000 duplicate key error index: herro_dev.animes.$series_title_main_1  dup key: { : "Hanappe Bazooka" }
 URL: http://shikimori.org/api/animes/4042

MongoError: insertDocument :: caused by :: 11000 E11000 duplicate key error index: herro_dev.animes.$series_title_main_1  dup key: { : "Youkai Ningen Bem" }
 URL: http://shikimori.org/api/animes/4044

MongoError: insertDocument :: caused by :: 11000 E11000 duplicate key error index: herro_dev.animes.$series_title_main_1  dup key: { : "Mafukiden: Pandarian" }
 URL: http://shikimori.org/api/animes/4049

MongoError: insertDocument :: caused by :: 11000 E11000 duplicate key error index: herro_dev.animes.$series_title_main_1  dup key: { : "Kouchuu Ouja Mushiking: Mori no Tami no Densetsu" }
 URL: http://shikimori.org/api/animes/4050

MongoError: insertDocument :: caused by :: 11000 E11000 duplicate key error index: herro_dev.animes.$series_title_main_1  dup key: { : "Net Ghost Pipopa" }
 URL: http://shikimori.org/api/animes/4051

MongoError: insertDocument :: caused by :: 11000 E11000 duplicate key error index: herro_dev.animes.$series_title_main_1  dup key: { : "Medarot Damashii" }
 URL: http://shikimori.org/api/animes/4052

MongoError: insertDocument :: caused by :: 11000 E11000 duplicate key error index: herro_dev.animes.$series_title_main_1  dup key: { : "Prince of Tennis: The National Tournament Finals" }
 URL: http://shikimori.org/api/animes/4053

MongoError: insertDocument :: caused by :: 11000 E11000 duplicate key error index: herro_dev.animes.$series_title_main_1  dup key: { : "Norimono Oukoku BuBu ChaCha" }
 URL: http://shikimori.org/api/animes/4054

MongoError: insertDocument :: caused by :: 11000 E11000 duplicate key error index: herro_dev.animes.$series_title_main_1  dup key: { : "Gyagu Manga Biyori 3" }
 URL: http://shikimori.org/api/animes/4056

MongoError: insertDocument :: caused by :: 11000 E11000 duplicate key error index: herro_dev.animes.$series_title_main_1  dup key: { : "Inyouchuu Shoku" }
 URL: http://shikimori.org/api/animes/4057

MongoError: insertDocument :: caused by :: 11000 E11000 duplicate key error index: herro_dev.animes.$series_title_main_1  dup key: { : "Makyou Gaiden Le Deus" }
 URL: http://shikimori.org/api/animes/4058

MongoError: insertDocument :: caused by :: 11000 E11000 duplicate key error index: herro_dev.animes.$series_title_main_1  dup key: { : "Clannad: Mou Hitotsu no Sekai, Tomoyo-hen" }
 URL: http://shikimori.org/api/animes/4059

MongoError: insertDocument :: caused by :: 11000 E11000 duplicate key error index: herro_dev.animes.$series_title_main_1  dup key: { : "Grimm Masterpiece Theater" }
 URL: http://shikimori.org/api/animes/4060

MongoError: insertDocument :: caused by :: 11000 E11000 duplicate key error index: herro_dev.animes.$series_title_main_1  dup key: { : "Grimm Masterpiece Theater II" }
 URL: http://shikimori.org/api/animes/4061

MongoError: insertDocument :: caused by :: 11000 E11000 duplicate key error index: herro_dev.animes.$series_title_main_1  dup key: { : "Musashi no Ken" }
 URL: http://shikimori.org/api/animes/4062

MongoError: insertDocument :: caused by :: 11000 E11000 duplicate key error index: herro_dev.animes.$series_title_main_1  dup key: { : "Sekirei" }
 URL: http://shikimori.org/api/animes/4063

MongoError: insertDocument :: caused by :: 11000 E11000 duplicate key error index: herro_dev.animes.$series_title_main_1  dup key: { : "Tytania" }
 URL: http://shikimori.org/api/animes/4066

MongoError: insertDocument :: caused by :: 11000 E11000 duplicate key error index: herro_dev.animes.$series_title_main_1  dup key: { : "Shin Megami Tensei Devil Children" }
 URL: http://shikimori.org/api/animes/4067

MongoError: insertDocument :: caused by :: 11000 E11000 duplicate key error index: herro_dev.animes.$series_title_main_1  dup key: { : "Shin Megami Tensei Devil Children: Light & Dark" }
 URL: http://shikimori.org/api/animes/4068

MongoError: insertDocument :: caused by :: 11000 E11000 duplicate key error index: herro_dev.animes.$series_title_main_1  dup key: { : "Pucca: Funny Love" }
 URL: http://shikimori.org/api/animes/4069

MongoError: insertDocument :: caused by :: 11000 E11000 duplicate key error index: herro_dev.animes.$series_title_main_1  dup key: { : "High School! Kimengumi" }
 URL: http://shikimori.org/api/animes/5956

MongoError: insertDocument :: caused by :: 11000 E11000 duplicate key error index: herro_dev.animes.$series_title_main_1  dup key: { : "Mirai Shounen Conan" }
 URL: http://shikimori.org/api/animes/7308

MongoError: insertDocument :: caused by :: 11000 E11000 duplicate key error index: herro_dev.animes.$series_title_main_1  dup key: { : "Eve no Jikan" }
 URL: http://shikimori.org/api/animes/7465

MongoError: insertDocument :: caused by :: 11000 E11000 duplicate key error index: herro_dev.animes.$series_title_main_1  dup key: { : "Nils no Fushigi na Tabi" }
 URL: http://shikimori.org/api/animes/7664

MongoError: insertDocument :: caused by :: 11000 E11000 duplicate key error index: herro_dev.animes.$series_title_main_1  dup key: { : "Colorful" }
 URL: http://shikimori.org/api/animes/8142

MongoError: insertDocument :: caused by :: 11000 E11000 duplicate key error index: herro_dev.animes.$series_title_main_1  dup key: { : "Jigoku Sensei Nube" }
 URL: http://shikimori.org/api/animes/8208

MongoError: insertDocument :: caused by :: 11000 E11000 duplicate key error index: herro_dev.animes.$series_title_main_1  dup key: { : "Akuma-kun" }
 URL: http://shikimori.org/api/animes/8226

MongoError: insertDocument :: caused by :: 11000 E11000 duplicate key error index: herro_dev.animes.$series_title_main_1  dup key: { : "Getter Robo" }
 URL: http://shikimori.org/api/animes/8252

MongoError: insertDocument :: caused by :: 11000 E11000 duplicate key error index: herro_dev.animes.$series_title_main_1  dup key: { : "Cyborg 009" }
 URL: http://shikimori.org/api/animes/8394

MongoError: insertDocument :: caused by :: 11000 E11000 duplicate key error index: herro_dev.animes.$series_title_main_1  dup key: { : "Bonobono" }
 URL: http://shikimori.org/api/animes/8416

MongoError: insertDocument :: caused by :: 11000 E11000 duplicate key error index: herro_dev.animes.$series_title_main_1  dup key: { : "Midoriyama Koukou Koushien-hen" }
 URL: http://shikimori.org/api/animes/8522

MongoError: insertDocument :: caused by :: 11000 E11000 duplicate key error index: herro_dev.animes.$series_title_main_1  dup key: { : "Shouwa Monogatari" }
 URL: http://shikimori.org/api/animes/10014

Error: series_type did not pass validation
 URL: http://shikimori.org/api/animes/10089

MongoError: insertDocument :: caused by :: 11000 E11000 duplicate key error index: herro_dev.animes.$series_title_main_1  dup key: { : "Hen Zemi" }
 URL: http://shikimori.org/api/animes/10187

MongoError: insertDocument :: caused by :: 11000 E11000 duplicate key error index: herro_dev.animes.$series_title_main_1  dup key: { : "Manga Nippon Mukashibanashi" }
 URL: http://shikimori.org/api/animes/10285

MongoError: insertDocument :: caused by :: 11000 E11000 duplicate key error index: herro_dev.animes.$series_title_main_1  dup key: { : "Hoero! Bun Bun" }
 URL: http://shikimori.org/api/animes/10509

MongoError: insertDocument :: caused by :: 11000 E11000 duplicate key error index: herro_dev.animes.$series_title_main_1  dup key: { : "Mirai Nikki" }
 URL: http://shikimori.org/api/animes/10620

MongoError: insertDocument :: caused by :: 11000 E11000 duplicate key error index: herro_dev.animes.$series_title_main_1  dup key: { : "Mazinger Z" }
 URL: http://shikimori.org/api/animes/10625

MongoError: insertDocument :: caused by :: 11000 E11000 duplicate key error index: herro_dev.animes.$series_title_main_1  dup key: { : "Sengoku Majin Goushougun" }
 URL: http://shikimori.org/api/animes/10820

MongoError: insertDocument :: caused by :: 11000 E11000 duplicate key error index: herro_dev.animes.$series_title_main_1  dup key: { : "Kowarekake no Orgel" }
 URL: http://shikimori.org/api/animes/10918

MongoError: insertDocument :: caused by :: 11000 E11000 duplicate key error index: herro_dev.animes.$series_title_main_1  dup key: { : "Black★Rock Shooter" }
 URL: http://shikimori.org/api/animes/11285

MongoError: insertDocument :: caused by :: 11000 E11000 duplicate key error index: herro_dev.animes.$series_title_main_1  dup key: { : "Black★Rock Shooter" }
 URL: http://shikimori.org/api/animes/12079

MongoError: insertDocument :: caused by :: 11000 E11000 duplicate key error index: herro_dev.animes.$series_title_main_1  dup key: { : "Himitsu no Akko-chan" }
 URL: http://shikimori.org/api/animes/12569

MongoError: insertDocument :: caused by :: 11000 E11000 duplicate key error index: herro_dev.animes.$series_title_main_1  dup key: { : "Uchuu Shounen Soran" }
 URL: http://shikimori.org/api/animes/12895

MongoError: insertDocument :: caused by :: 11000 E11000 duplicate key error index: herro_dev.animes.$series_title_main_1  dup key: { : "Afro Samurai" }
 URL: http://shikimori.org/api/animes/13709

Error: series_type did not pass validation
 URL: http://shikimori.org/api/animes/15407

MongoError: insertDocument :: caused by :: 11000 E11000 duplicate key error index: herro_dev.animes.$series_title_main_1  dup key: { : "Saint☆Onii-san" }
 URL: http://shikimori.org/api/animes/15775

Error: series_type did not pass validation
 URL: http://shikimori.org/api/animes/15971

MongoError: insertDocument :: caused by :: 11000 E11000 duplicate key error index: herro_dev.animes.$series_title_main_1  dup key: { : "Greek Roman Sinhwa: Olympus Guardian" }
 URL: http://shikimori.org/api/animes/16027

MongoError: insertDocument :: caused by :: 11000 E11000 duplicate key error index: herro_dev.animes.$series_title_main_1  dup key: { : "Tatakae!! Ramenman" }
 URL: http://shikimori.org/api/animes/16728

MongoError: insertDocument :: caused by :: 11000 E11000 duplicate key error index: herro_dev.animes.$series_title_main_1  dup key: { : "Ojamanga Yamada-kun" }
 URL: http://shikimori.org/api/animes/16730

MongoError: insertDocument :: caused by :: 11000 E11000 duplicate key error index: herro_dev.animes.$series_title_main_1  dup key: { : "Agigongryong Doolie" }
 URL: http://shikimori.org/api/animes/17088

MongoError: insertDocument :: caused by :: 11000 E11000 duplicate key error index: herro_dev.animes.$series_title_main_1  dup key: { : "Lolling Seutajeu" }
 URL: http://shikimori.org/api/animes/17104

MongoError: insertDocument :: caused by :: 11000 E11000 duplicate key error index: herro_dev.animes.$series_title_main_1  dup key: { : "SF Saiyuuki Starzinger" }
 URL: http://shikimori.org/api/animes/17165

MongoError: insertDocument :: caused by :: 11000 E11000 duplicate key error index: herro_dev.animes.$series_title_main_1  dup key: { : "Toushou Daimos" }
 URL: http://shikimori.org/api/animes/17407

MongoError: insertDocument :: caused by :: 11000 E11000 duplicate key error index: herro_dev.animes.$series_title_main_1  dup key: { : "Kyojin no Hoshi" }
 URL: http://shikimori.org/api/animes/17439

MongoError: insertDocument :: caused by :: 11000 E11000 duplicate key error index: herro_dev.animes.$series_title_main_1  dup key: { : "Mahou Tsukai Sally" }
 URL: http://shikimori.org/api/animes/17719

MongoError: insertDocument :: caused by :: 11000 E11000 duplicate key error index: herro_dev.animes.$series_title_main_1  dup key: { : "Tiger Mask" }
 URL: http://shikimori.org/api/animes/18061

MongoError: insertDocument :: caused by :: 11000 E11000 duplicate key error index: herro_dev.animes.$series_title_main_1  dup key: { : "Gu-Gu Ganmo" }
 URL: http://shikimori.org/api/animes/19751

MongoError: insertDocument :: caused by :: 11000 E11000 duplicate key error index: herro_dev.animes.$series_title_main_1  dup key: { : "Ohayo! Spank" }
 URL: http://shikimori.org/api/animes/19897

MongoError: insertDocument :: caused by :: 11000 E11000 duplicate key error index: herro_dev.animes.$series_title_main_1  dup key: { : "Huckleberry no Bouken" }
 URL: http://shikimori.org/api/animes/19957

MongoError: insertDocument :: caused by :: 11000 E11000 duplicate key error index: herro_dev.animes.$series_title_main_1  dup key: { : "Takarajima" }
 URL: http://shikimori.org/api/animes/21255

Error: series_type did not pass validation
 URL: http://shikimori.org/api/animes/21845

MongoError: insertDocument :: caused by :: 11000 E11000 duplicate key error index: herro_dev.animes.$series_title_main_1  dup key: { : "Madonna" }
 URL: http://shikimori.org/api/animes/22177

MongoError: insertDocument :: caused by :: 11000 E11000 duplicate key error index: herro_dev.animes.$series_title_main_1  dup key: { : "Ookami Shounen Ken" }
 URL: http://shikimori.org/api/animes/23007

MongoError: insertDocument :: caused by :: 11000 E11000 duplicate key error index: herro_dev.animes.$series_title_main_1  dup key: { : "Zettai Zetsumei Dangerous Jiisan" }
 URL: http://shikimori.org/api/animes/23313

MongoError: insertDocument :: caused by :: 11000 E11000 duplicate key error index: herro_dev.animes.$series_title_main_1  dup key: { : "Ikkyuu-san" }
 URL: http://shikimori.org/api/animes/23565

Error: series_type did not pass validation
 URL: http://shikimori.org/api/animes/23787

Error: series_type did not pass validation
 URL: http://shikimori.org/api/animes/24023

Error: series_type did not pass validation
 URL: http://shikimori.org/api/animes/24133

Error: series_type did not pass validation
 URL: http://shikimori.org/api/animes/25099

Error: series_type did not pass validation
 URL: http://shikimori.org/api/animes/25183

Error: series_type did not pass validation
 URL: http://shikimori.org/api/animes/25283

Error: series_type did not pass validation
 URL: http://shikimori.org/api/animes/25345

Error: series_type did not pass validation
 URL: http://shikimori.org/api/animes/25541

