Dinozaurs

Yu-Gi-Oh! Duel Monsters

The Genie Family

Ape Escape (shorts)

Bomberman Jetters

L/R: Licensed by Royalty

Zoids: Fuzors

Kappa no Kaikata

Intrigue in the Bakumatsu – Irohanihoheto

Neko Rahmen

Pokémon Chronicles

Ani*Kuri15

Domo-kun (TV series)

Amatsuki

Chaos;Head

Kyō no Go no Ni

Linebarrels of Iron

S · A: Special A

Psychiatrist Irabu series

Viper's Creed

Heroman

Starry Sky

B Gata H Kei

Gosick

No. 6

Plustic Elder Sister

BeyWheelz

Poyopoyo Kansatsu Nikki

Space Battleship Yamato 2199

Attack on Titan

Gargantia on the Verdurous Planet

Tenkai Knights

Monthly Girls' Nozaki-kun

Sailor Moon

