Dinozaurs

Dotto! Koni-chan

Love Hina

Legendary Gambler Tetsuya

NieA_7

Shippū! Iron Leaguer

Yu-Gi-Oh! Duel Monsters

Final Fantasy: Unlimited

The Genie Family

Samurai Girl: Real Bout High School

Ape Escape (shorts)

Barom-1

Chobits

Azumanga Daioh

Bomberman Jetters

G-On Riders

Gun Frontier

.hack//Sign

Petite Princess Yucie

Battle Programmer Shirase

Chrono Crusade

Croket!

D.N.Angel

Cinderella Boy

L/R: Licensed by Royalty

Mermaid Saga

Machine Robo Rescue

Nanaka 6/17

Peacemaker Kurogane

R.O.D the TV

Submarine Super 99

Sonic X

Agatha Christie's Great Detectives Poirot and Marple

Zoids: Fuzors

Battle B-Daman

Final Approach

Kyo Kara Maoh!

Love Love?

Misaki Chronicles

Nanami-chan

Ragnarok the Animation

Tetsujin 28-go (2004 TV Series)

W Wish

Wind: A Breath of Heart

Yu-Gi-Oh! GX

Akahori Gedou Hour Rabuge

Akagi

Blood+

Gun Sword

Kappa no Kaikata

Loveless

Magical Canan

Negima! Magister Negi Magi

Oku-sama wa Mahō Shōjo: Bewitched Agnes

Zoids: Genesis

Tsubasa: Reservoir Chronicle

Black Blood Brothers

Ergo Proxy

.hack//Roots

Hanoka

Happiness!

Haruhi Suzumiya

Intrigue in the Bakumatsu – Irohanihoheto

Mamotte! Lollipop

Neko Rahmen

Night Head Genesis

Nerima Daikon Brothers

Pokémon Chronicles

Otome wa Boku ni Koishiteru

Soul Link

Tona-Gura!

Tokyo Tribe

Ani*Kuri15

Blue Drop

Claymore

Domo-kun (TV series)

Dragonaut: The Resonance

Ghost Hound

GR: Giant Robo

Heroic Age

Kaze no Stigma

Neuro: Supernatural Detective

Potemayo

Prism Ark

Romeo × Juliet

School Days

Amatsuki

Chaos;Head

H2O: Footprints in the Sand

Himitsu – Top Secret

Kannagi: Crazy Shrine Maidens

Kyō no Go no Ni

Linebarrels of Iron

Magician's Academy

Michiko to Hatchin

S · A: Special A

Soul Eater

Toradora!

True Tears

Yu-Gi-Oh! 5D's

First Love Limited

Munto

Psychiatrist Irabu series

Romance of the Three Kingdoms (2009 animation)

Viper's Creed

Dance in the Vampire Bund

Fortune Arterial

House of Five Leaves

Kissxsis

Starry Sky

B Gata H Kei

B-Daman Crossfire

Blood-C

C

C3

Gosick

Happy Kappy

No. 6

Plustic Elder Sister

Sket Dance

Suite PreCure

Tiger & Bunny

Un-Go

BeyWheelz

Code:Breaker

K

Lychee Light Club

Nakaimo - My Sister Is Among Them!

Space Battleship Yamato 2199

Tari Tari

World War Blue

Amnesia

Arata: The Legend

BlazBlue Alter Memory

Attack on Titan

Brothers Conflict

Diabolik Lovers

Dokidoki! PreCure

Gargantia on the Verdurous Planet

Meganebu!

Pupipō!

Straight Title Robot Anime

Stella Women’s Academy, High School Division Class C³

Tenkai Knights

Blade & Soul

Kagerou Project

M3 the dark metal

Monthly Girls' Nozaki-kun

Project 575

Robot Girls Z

Sailor Moon

Super Sonico

Tokyo ESP

Yu-Gi-Oh! Arc-V

UFO Baby

Fighting Foodons

Area 88

Death Note

Angel Beats!

Heroman

Bodacious Space Pirates

Poyopoyo Kansatsu Nikki

Keiji

