Dotto! Koni-chan

Shippū! Iron Leaguer

Samurai Girl: Real Bout High School

Ape Escape (shorts)

Barom-1

L/R: Licensed by Royalty

Mermaid Saga

Zoids: Fuzors

Tetsujin 28-go (2004 TV Series)

Negima! Magister Negi Magi

Oku-sama wa Mahō Shōjo: Bewitched Agnes

Zoids: Genesis

Intrigue in the Bakumatsu – Irohanihoheto

Neko Rahmen

Pokémon Chronicles

Ani*Kuri15

Domo-kun (TV series)

Romeo × Juliet

Himitsu – Top Secret

Kyō no Go no Ni

S · A: Special A

Psychiatrist Irabu series

Romance of the Three Kingdoms (2009 animation)

Starry Sky

No. 6

Plustic Elder Sister

BeyWheelz

Nakaimo - My Sister Is Among Them!

Space Battleship Yamato 2199

World War Blue

Pupipō!

Stella Women’s Academy, High School Division Class C³

Project 575

Robot Girls Z

