NO ANIME: /wiki/DeviChil

NO ANIME: /wiki/List_of_Trotting_Hamtaro_(2000)_episodes

NO ANIME: /wiki/Transformers:_Robots_in_Disguise

NO ANIME: /wiki/AIBO

NO ANIME: /wiki/Denn%C5%8D_B%C5%8Dkenki_Webdiver

NO ANIME: /wiki/List_of_Wei%C3%9F_Kreuz_Gl%C3%BChen_episodes

NO ANIME: /wiki/Midnight_Horror_School

NO ANIME: /wiki/Pecola

NO ANIME: /wiki/Sonic_the_Hedgehog_(TV_series)

NO ANIME: /wiki/Transformers:_Armada

NO ANIME: /wiki/Hi_Hi_Puffy_AmiYumi

NO ANIME: /wiki/List_of_Trotting_Hamtaro:_Ham_Ham_Paradise!_episodes

NO ANIME: /wiki/Pants_Pankuro

NO ANIME: /wiki/Socrates_in_Love

NO ANIME: /wiki/Doraemon_(2005_anime)

NO ANIME: /wiki/Mushiking:_King_of_the_Beetles

404: /wiki/Speed_Grapher

404: /wiki/Starship_Operators

404: /wiki/SoltyRei

404: /wiki/Sukisho

404: /wiki/Sugar_Sugar_Rune

NO ANIME: /wiki/List_of_Papillon_Rose_episodes

NO ANIME: /wiki/List_of_Trotting_Hamtaro_Hai!_episodes

NO ANIME: /wiki/%C5%8Cban_Star-Racers

NO ANIME: /wiki/Tokyo_Tribes

NO ANIME: /wiki/Blue_Dragon

NO ANIME: /wiki/Giant_Robo_(OVA)

NO ANIME: /wiki/The_Idolmaster

NO ANIME: /wiki/Master_of_Epic

NO ANIME: /wiki/Fuwa

NO ANIME: /wiki/Uchi_No_Sanshimai

NO ANIME: /wiki/Book_Girl

NO ANIME: /wiki/Mamegoma

NO ANIME: /wiki/Winter_Sonata

NO ANIME: /wiki/Scan2Go

NO ANIME: /wiki/Zoobles!_(anime)

NO ANIME: /wiki/Busou_Shinki

NO ANIME: /wiki/Monsuno

NO ANIME: /wiki/Upotte!!

