/wiki/Banner_of_the_Stars
/wiki/Di_Gi_Charat
/wiki/Hajime_no_Ippo
/wiki/Hello_Kitty_(TV_series)
/wiki/Inuyasha
/wiki/Medabots
/wiki/Saiyuki_(manga)
/wiki/Ojamajo_Doremi
/wiki/Super_Milk_Chan
/wiki/Vandread
/wiki/Yu-Gi-Oh!
/wiki/Baki_the_Grappler
/wiki/Babel_II
/wiki/Beyblade
/wiki/Crush_Gear_Turbo
/wiki/Comic_Party
/wiki/Bubu_Chacha
/wiki/Captain_Tsubasa
/wiki/Cyborg_009
/wiki/Hanaukyo_Maid_Team
/wiki/Hikarian
/wiki/Hikaru_no_Go
/wiki/Mahoromatic
/wiki/The_Prince_of_Tennis
/wiki/Sister_Princess
/wiki/Steel_Angel_Kurumi
/wiki/You%27re_Under_Arrest_(manga)
/wiki/Ai_Yori_Aoshi
/wiki/Full_Metal_Panic!
/wiki/Duel_Masters
/wiki/Ghost_in_the_Shell
/wiki/Ghost_in_the_Shell:_Stand_Alone_Complex
/wiki/Gravion
/wiki/Happy_Lesson
/wiki/Kinnikuman
/wiki/Kanon
/wiki/MegaMan_NT_Warrior
/wiki/Naruto
/wiki/Wei%C3%9F_Kreuz
/wiki/Battle_Vixens
/wiki/The_Big_O
/wiki/Da_Capo_(visual_novel)
/wiki/The_Galaxy_Railways
/wiki/Gunparade_March
/wiki/Immortal_Grand_Prix
/wiki/Gunslinger_Girl
/wiki/Last_Exile
/wiki/Mermaid_Melody_Pichi_Pichi_Pitch
/wiki/Papuwa
/wiki/Popolocrois_(anime)
/wiki/Saint_Beast
/wiki/Someday%27s_Dreamers
/wiki/Beet_the_Vandel_Buster
/wiki/Black_Jack_(manga)
/wiki/Fafner_in_the_Azure
/wiki/Galaxy_Express_999
/wiki/Genshiken
/wiki/Grandpa_Danger
/wiki/Futari_wa_Pretty_Cure
/wiki/Initial_D
/wiki/Jubei-chan:_The_Ninja_Girl
/wiki/Kaiketsu_Zorori
/wiki/Meine_Liebe
/wiki/Maria-sama_ga_Miteru
/wiki/Monkey_Turn
/wiki/Ninja_Hattori-kun
/wiki/Rozen_Maiden
/wiki/Sgt._Frog
/wiki/School_Rumble
/wiki/Tetsujin_28-go
/wiki/To_Heart
/wiki/Ah_My_Buddha
/wiki/Air_(visual_novel)
/wiki/Aria_(manga)
/wiki/Bludgeoning_Angel_Dokuro-Chan
/wiki/Buzzer_Beater_(manga)
/wiki/Fighting_Beauty_Wulong
/wiki/Emma_(manga)
/wiki/Fushigiboshi_no_Futagohime
/wiki/Gag_Manga_Biyori
/wiki/Glass_Mask
/wiki/Hell_Girl
/wiki/Honey_and_Clover
/wiki/Mushishi
/wiki/Onegai_My_Melody
/wiki/Patalliro!
/wiki/Oh_My_Goddess!
/wiki/Shakugan_no_Shana
/wiki/Shuffle!
/wiki/Play_Ball_(manga)
/wiki/Black_Lagoon
/wiki/Code_Geass
/wiki/Bikkuriman
/wiki/Eagle_Talon_(anime)
/wiki/The_Familiar_of_Zero
/wiki/Fate/stay_night
/wiki/Gin_Tama
/wiki/Himawari!
/wiki/Higurashi_When_They_Cry
/wiki/La_Corda_d%27Oro
/wiki/Koi_suru_Tenshi_Angelique
/wiki/Mega_Man_Star_Force_(anime)
/wiki/Saru_Get_You_-On_Air-
/wiki/The_Story_of_Saiunkoku
/wiki/Tama_and_Friends
/wiki/Shizuku-chan
/wiki/Y%C5%8Dkai_Ningen_Bem
/wiki/XxxHolic
/wiki/Bakugan_Battle_Brawlers
/wiki/Big_Windup!
/wiki/Brave_Raideen
/wiki/Code-E
/wiki/Da_Capo_II
/wiki/Darker_than_Black
/wiki/Clannad_(visual_novel)
/wiki/Dinosaur_King
/wiki/Ef:_A_Fairy_Tale_of_the_Two.
/wiki/GeGeGe_no_Kitar%C5%8D
/wiki/Hayate_the_Combat_Butler
/wiki/Hidamari_Sketch
/wiki/Kaiji_(manga)
/wiki/Minami-ke
/wiki/Moonlight_Mile_(manga)
/wiki/Moyasimon:_Tales_of_Agriculture
/wiki/Nodame_Cantabile
/wiki/Sayonara,_Zetsubou-Sensei
/wiki/Shinkyoku_S%C5%8Dkai_Polyphonica
/wiki/Shugo_Chara!
/wiki/Sky_Girls
/wiki/Sugarbunnies
/wiki/Tokyo_Majin
/wiki/Yes!_PreCure_5
/wiki/Astro_Fighter_Sunred
/wiki/Black_Butler
/wiki/Birdy_the_Mighty
/wiki/A_Certain_Magical_Index
/wiki/Corpse_Princess
/wiki/Fireball_(anime)
/wiki/Chi%27s_Sweet_Home
/wiki/Koihime_Mus%C5%8D
/wiki/Natsume%27s_Book_of_Friends
/wiki/Neo_Angelique_Abyss
/wiki/Nogizaka_Haruka_no_Himitsu
/wiki/A_Penguin%27s_Troubles
/wiki/Rosario_%2B_Vampire
/wiki/Sekirei
/wiki/Shima_Shima_Tora_no_Shimajir%C5%8D
/wiki/Spice_and_Wolf
/wiki/Stitch!
/wiki/Slayers
/wiki/Strike_Witches
/wiki/To_Love-Ru
/wiki/The_Tower_of_Druaga_(anime)
/wiki/Yozakura_Quartet
/wiki/Vampire_Knight
/wiki/Yatterman
/wiki/Zettai_Karen_Children
/wiki/Asura_Cryin%27
/wiki/Beyblade:_Metal_Fusion
/wiki/A_Certain_Scientific_Railgun
/wiki/Dragon_Ball
/wiki/Heaven%27s_Lost_Property
/wiki/Jewelpet_(anime)
/wiki/K%C3%A4mpfer
/wiki/K-On!
/wiki/Kimi_ni_Todoke
/wiki/Maria_Holic
/wiki/Natsu_no_Arashi!
/wiki/Monogatari_(series)
/wiki/Queen%27s_Blade
/wiki/Saki_(manga)
/wiki/Sengoku_Basara:_Samurai_Kings
/wiki/Tamagotchi!_(anime)
/wiki/Tegami_Bachi
/wiki/Wei%C3%9F_Survive
/wiki/Yumeiro_Patissiere
/wiki/Amagami
/wiki/Arakawa_Under_the_Bridge
/wiki/Baka_and_Test
/wiki/Bakuman
/wiki/Cobra_(manga)
/wiki/Durarara!!
/wiki/Haku%C5%8Dki
/wiki/Hyakka_Ry%C5%8Dran
/wiki/Marvel_Anime
/wiki/Mitsudomoe_(manga)
/wiki/Nura:_Rise_of_the_Yokai_Clan
/wiki/Nyaruko:_Crawling_with_Love
/wiki/Oreimo
/wiki/The_Qwaser_of_Stigmata
/wiki/Seitokai_Yakuindomo
/wiki/Squid_Girl
/wiki/Tantei_Opera_Milky_Holmes
/wiki/Working!!
/wiki/Tono_to_Issho
/wiki/The_World_God_Only_Knows
/wiki/Cardfight!!_Vanguard
/wiki/Chihayafuru
/wiki/Dog_Days_(anime)
/wiki/Dororon_Enma-kun
/wiki/Fate/Zero
/wiki/Freezing_(manga)
/wiki/Haganai
/wiki/Horizon_in_the_Middle_of_Nowhere
/wiki/Hunter_%C3%97_Hunter
/wiki/Inazuma_Eleven_GO_(manga)
/wiki/IS_(Infinite_Stratos)
/wiki/Is_This_a_Zombie%3F
/wiki/Kimi_to_Boku_(manga)
/wiki/Little_Battlers_Experience
/wiki/Maken-ki!
/wiki/Phi_Brain:_Puzzle_of_God
/wiki/Persona_4:_The_Animation
/wiki/Pretty_Rhythm
/wiki/Ro-Kyu-Bu!
/wiki/Sekai-ichi_Hatsukoi
/wiki/Tamayura
/wiki/Uta_no_Prince-sama
/wiki/Yondemasuyo,_Azazel-san
/wiki/YuruYuri
/wiki/Yu-Gi-Oh!_Zexal
/wiki/AKB0048
/wiki/Baku_Tech!_Bakugan
/wiki/Haitai_Nanafa
/wiki/High_School_DxD
/wiki/Hiiro_no_Kakera
/wiki/Jormungand_(manga)
/wiki/JoJo%27s_Bizarre_Adventure
/wiki/Kingdom_(manga)
/wiki/Kokoro_Connect
/wiki/Kuroko%27s_Basketball
/wiki/Lagrange:_The_Flower_of_Rin-ne
/wiki/Love,_Chunibyo_%26_Other_Delusions
/wiki/Medaka_Box
/wiki/Magi:_The_Labyrinth_of_Magic
/wiki/Little_Busters!
/wiki/Lupin_III
/wiki/Recorder_and_Randsell
/wiki/Psycho-Pass
/wiki/Sword_Art_Online
/wiki/Symphogear
/wiki/Tanken_Driland
/wiki/Teekyu
/wiki/Wooser%27s_Hand-to-Mouth_Life
/wiki/Date_A_Live
/wiki/Encouragement_of_Climb
/wiki/Fate/kaleid_liner_Prisma_Illya
/wiki/Free!_(anime)
/wiki/Gatchaman_Crowds
/wiki/Hakkenden:_Eight_Dogs_of_the_East
/wiki/Gundam_Build_Fighters
/wiki/Kin-iro_Mosaic
/wiki/Log_Horizon
/wiki/Love_Live!
/wiki/Senyu
/wiki/Railgun_S
/wiki/Silver_Spoon_(manga)
/wiki/Tesagure!_Bukatsu-mono
/wiki/Valvrave_the_Liberator
/wiki/Yowamushi_Pedal
/wiki/Yamishibai:_Japanese_Ghost_Stories
/wiki/Buddy_Complex
/wiki/Chaika_-_The_Coffin_Princess
/wiki/Hamatora
/wiki/Kindaichi_Case_Files
/wiki/Knights_of_Sidonia
/wiki/Selector_Infected_WIXOSS
/wiki/Super_Radical_Gag_Family
/wiki/Space_Dandy
