/wiki/Astro_Fighter_Sunred
/wiki/Bakugan_Battle_Brawlers
/wiki/Asura_Cryin%27
/wiki/Beyblade:_Metal_Fusion
/wiki/Birdy_the_Mighty
/wiki/Beyblade
/wiki/A_Certain_Scientific_Railgun
/wiki/Corpse_Princess
/wiki/Chi%27s_Sweet_Home
/wiki/Darker_than_Black
/wiki/Eagle_Talon_(anime)
/wiki/Dragon_Ball
/wiki/Hajime_no_Ippo
/wiki/Hayate_the_Combat_Butler
/wiki/Heaven%27s_Lost_Property
/wiki/Hidamari_Sketch
/wiki/Jewelpet_(anime)
/wiki/Inuyasha
/wiki/K%C3%A4mpfer
/wiki/K-On!
/wiki/Koihime_Mus%C5%8D
/wiki/Kimi_ni_Todoke
/wiki/La_Corda_d%27Oro
/wiki/Minami-ke
/wiki/Maria_Holic
/wiki/Monogatari_(series)
/wiki/Maria-sama_ga_Miteru
/wiki/Natsu_no_Arashi!
/wiki/Natsume%27s_Book_of_Friends
/wiki/Nogizaka_Haruka_no_Himitsu
/wiki/Queen%27s_Blade
/wiki/Saki_(manga)
/wiki/Sayonara,_Zetsubou-Sensei
/wiki/Sengoku_Basara:_Samurai_Kings
/wiki/Shinkyoku_S%C5%8Dkai_Polyphonica
/wiki/Shugo_Chara!
/wiki/Slayers
/wiki/Stitch!
/wiki/Spice_and_Wolf
/wiki/Sugarbunnies
/wiki/Tamagotchi!_(anime)
/wiki/The_Tower_of_Druaga_(anime)
/wiki/Tegami_Bachi
/wiki/Wei%C3%9F_Survive
/wiki/Yumeiro_Patissiere
/wiki/Amagami
/wiki/A_Certain_Magical_Index
/wiki/Arakawa_Under_the_Bridge
/wiki/Baka_and_Test
/wiki/Bakuman
/wiki/Battle_Vixens
/wiki/Big_Windup!
/wiki/Black_Butler
/wiki/Durarara!!
/wiki/Cobra_(manga)
/wiki/Gag_Manga_Biyori
/wiki/Haku%C5%8Dki
/wiki/Hyakka_Ry%C5%8Dran
/wiki/Marvel_Anime
/wiki/Mitsudomoe_(manga)
/wiki/Nura:_Rise_of_the_Yokai_Clan
/wiki/Nodame_Cantabile
/wiki/Nyaruko:_Crawling_with_Love
/wiki/Oreimo
/wiki/A_Penguin%27s_Troubles
/wiki/The_Qwaser_of_Stigmata
/wiki/Sekirei
/wiki/Seitokai_Yakuindomo
/wiki/Shima_Shima_Tora_no_Shimajir%C5%8D
/wiki/Squid_Girl
/wiki/Strike_Witches
/wiki/Tantei_Opera_Milky_Holmes
/wiki/To_Love-Ru
/wiki/Tono_to_Issho
/wiki/Working!!
/wiki/The_World_God_Only_Knows
/wiki/Cardfight!!_Vanguard
/wiki/Chihayafuru
/wiki/Dog_Days_(anime)
/wiki/Dororon_Enma-kun
/wiki/Fireball_(anime)
/wiki/Fate/Zero
/wiki/Freezing_(manga)
/wiki/Gin_Tama
/wiki/Haganai
/wiki/Hunter_%C3%97_Hunter
/wiki/Horizon_in_the_Middle_of_Nowhere
/wiki/Inazuma_Eleven_GO_(manga)
/wiki/Is_This_a_Zombie%3F
/wiki/Kaiji_(manga)
/wiki/Kimi_to_Boku_(manga)
/wiki/IS_(Infinite_Stratos)
/wiki/Last_Exile
/wiki/Little_Battlers_Experience
/wiki/Maken-ki!
/wiki/Persona_4:_The_Animation
/wiki/Phi_Brain:_Puzzle_of_God
/wiki/Pretty_Rhythm
/wiki/Saru_Get_You_-On_Air-
/wiki/Ro-Kyu-Bu!
/wiki/Sekai-ichi_Hatsukoi
/wiki/Shakugan_no_Shana
/wiki/Tamayura
/wiki/Uta_no_Prince-sama
/wiki/Yondemasuyo,_Azazel-san
/wiki/YuruYuri
/wiki/Yu-Gi-Oh!_Zexal
/wiki/AKB0048
/wiki/Baku_Tech!_Bakugan
/wiki/The_Familiar_of_Zero
/wiki/Grandpa_Danger
/wiki/Haitai_Nanafa
/wiki/High_School_DxD
/wiki/Initial_D
/wiki/Hiiro_no_Kakera
/wiki/Jormungand_(manga)
/wiki/JoJo%27s_Bizarre_Adventure
/wiki/Kingdom_(manga)
/wiki/Kokoro_Connect
/wiki/Kuroko%27s_Basketball
/wiki/Love,_Chunibyo_%26_Other_Delusions
/wiki/Lagrange:_The_Flower_of_Rin-ne
/wiki/Little_Busters!
/wiki/Medaka_Box
/wiki/Lupin_III
/wiki/Magi:_The_Labyrinth_of_Magic
/wiki/Moyasimon:_Tales_of_Agriculture
/wiki/Ninja_Hattori-kun
/wiki/Psycho-Pass
/wiki/Recorder_and_Randsell
/wiki/The_Prince_of_Tennis
/wiki/Shizuku-chan
/wiki/Tanken_Driland
/wiki/Symphogear
/wiki/Sword_Art_Online
/wiki/Teekyu
/wiki/Wooser%27s_Hand-to-Mouth_Life
/wiki/Date_A_Live
/wiki/Encouragement_of_Climb
/wiki/Fate/kaleid_liner_Prisma_Illya
/wiki/Free!_(anime)
/wiki/Gatchaman_Crowds
/wiki/Genshiken
/wiki/Hakkenden:_Eight_Dogs_of_the_East
/wiki/Gundam_Build_Fighters
/wiki/Kin-iro_Mosaic
/wiki/Log_Horizon
/wiki/Love_Live!
/wiki/Railgun_S
/wiki/Senyu
/wiki/Rozen_Maiden
/wiki/Silver_Spoon_(manga)
/wiki/Tesagure!_Bukatsu-mono
/wiki/Tetsujin_28-go
/wiki/Valvrave_the_Liberator
/wiki/Yowamushi_Pedal
/wiki/Yozakura_Quartet
/wiki/Yamishibai:_Japanese_Ghost_Stories
/wiki/Zettai_Karen_Children
/wiki/Buddy_Complex
/wiki/Chaika_-_The_Coffin_Princess
/wiki/Fate/stay_night
/wiki/Hamatora
/wiki/Kindaichi_Case_Files
/wiki/Knights_of_Sidonia
/wiki/Mushishi
/wiki/Selector_Infected_WIXOSS
/wiki/Sgt._Frog
/wiki/Space_Dandy
/wiki/Super_Radical_Gag_Family
