0 info it worked if it ends with ok
1 verbose cli [ 'C:\\Program Files (x86)\\nodejs\\\\node.exe',
1 verbose cli   'C:\\Program Files (x86)\\nodejs\\node_modules\\npm\\bin\\npm-cli.js',
1 verbose cli   'install',
1 verbose cli   'pm2',
1 verbose cli   '-g' ]
2 info using npm@1.3.24
3 info using node@v0.10.25
4 verbose node symlink C:\Program Files (x86)\nodejs\\node.exe
5 verbose cache add [ 'pm2', null ]
6 verbose cache add name=undefined spec="pm2" args=["pm2",null]
7 verbose parsed url { protocol: null,
7 verbose parsed url   slashes: null,
7 verbose parsed url   auth: null,
7 verbose parsed url   host: null,
7 verbose parsed url   port: null,
7 verbose parsed url   hostname: null,
7 verbose parsed url   hash: null,
7 verbose parsed url   search: null,
7 verbose parsed url   query: null,
7 verbose parsed url   pathname: 'pm2',
7 verbose parsed url   path: 'pm2',
7 verbose parsed url   href: 'pm2' }
8 silly lockFile b1fbedd8-pm2 pm2
9 verbose lock pm2 C:\Users\Voyager\AppData\Roaming\npm-cache\b1fbedd8-pm2.lock
10 silly lockFile b1fbedd8-pm2 pm2
11 silly lockFile b1fbedd8-pm2 pm2
12 verbose addNamed [ 'pm2', '' ]
13 verbose addNamed [ null, '*' ]
14 silly lockFile d1072219-pm2 pm2@
15 verbose lock pm2@ C:\Users\Voyager\AppData\Roaming\npm-cache\d1072219-pm2.lock
16 silly addNameRange { name: 'pm2', range: '*', hasData: false }
17 verbose url raw pm2
18 verbose url resolving [ 'https://registry.npmjs.org/', './pm2' ]
19 verbose url resolved https://registry.npmjs.org/pm2
20 info trying registry request attempt 1 at 15:51:16
21 http GET https://registry.npmjs.org/pm2
22 http 200 https://registry.npmjs.org/pm2
23 silly registry.get cb [ 200,
23 silly registry.get   { date: 'Sun, 17 Aug 2014 13:51:17 GMT',
23 silly registry.get     server: 'CouchDB/1.5.0 (Erlang OTP/R16B03)',
23 silly registry.get     etag: '"8BHCFJN8D76Z6VH2T7MQ48UMF"',
23 silly registry.get     'content-type': 'application/json',
23 silly registry.get     'cache-control': 'max-age=60',
23 silly registry.get     'content-length': '179135',
23 silly registry.get     'accept-ranges': 'bytes',
23 silly registry.get     via: '1.1 varnish',
23 silly registry.get     age: '3528',
23 silly registry.get     'x-served-by': 'cache-fra1221-FRA',
23 silly registry.get     'x-cache': 'HIT',
23 silly registry.get     'x-cache-hits': '1',
23 silly registry.get     'x-timer': 'S1408283477.238023,VS0,VE174',
23 silly registry.get     vary: 'Accept',
23 silly registry.get     'keep-alive': 'timeout=10, max=50',
23 silly registry.get     connection: 'Keep-Alive' } ]
24 silly addNameRange number 2 { name: 'pm2', range: '*', hasData: true }
25 silly addNameRange versions [ 'pm2',
25 silly addNameRange   [ '0.4.0',
25 silly addNameRange     '0.4.1',
25 silly addNameRange     '0.4.2',
25 silly addNameRange     '0.4.3',
25 silly addNameRange     '0.4.4',
25 silly addNameRange     '0.4.5',
25 silly addNameRange     '0.4.6',
25 silly addNameRange     '0.4.7',
25 silly addNameRange     '0.4.8',
25 silly addNameRange     '0.4.10',
25 silly addNameRange     '0.4.11',
25 silly addNameRange     '0.4.12',
25 silly addNameRange     '0.4.13',
25 silly addNameRange     '0.4.14',
25 silly addNameRange     '0.5.0',
25 silly addNameRange     '0.5.1',
25 silly addNameRange     '0.5.2',
25 silly addNameRange     '0.5.3',
25 silly addNameRange     '0.5.4',
25 silly addNameRange     '0.5.5',
25 silly addNameRange     '0.5.6',
25 silly addNameRange     '0.5.7',
25 silly addNameRange     '0.6.2',
25 silly addNameRange     '0.6.3',
25 silly addNameRange     '0.6.4',
25 silly addNameRange     '0.6.5',
25 silly addNameRange     '0.6.6',
25 silly addNameRange     '0.6.7',
25 silly addNameRange     '0.6.8',
25 silly addNameRange     '0.6.9',
25 silly addNameRange     '0.6.10',
25 silly addNameRange     '0.6.11',
25 silly addNameRange     '0.6.12',
25 silly addNameRange     '0.6.13',
25 silly addNameRange     '0.6.14',
25 silly addNameRange     '0.6.15',
25 silly addNameRange     '0.7.0',
25 silly addNameRange     '0.7.1',
25 silly addNameRange     '0.7.2',
25 silly addNameRange     '0.7.3',
25 silly addNameRange     '0.7.4',
25 silly addNameRange     '0.7.5',
25 silly addNameRange     '0.7.6',
25 silly addNameRange     '0.7.7',
25 silly addNameRange     '0.7.8',
25 silly addNameRange     '0.8.0',
25 silly addNameRange     '0.8.1',
25 silly addNameRange     '0.8.2',
25 silly addNameRange     '0.8.3',
25 silly addNameRange     '0.8.4',
25 silly addNameRange     '0.8.5',
25 silly addNameRange     '0.8.6',
25 silly addNameRange     '0.8.7',
25 silly addNameRange     '0.8.8',
25 silly addNameRange     '0.8.9',
25 silly addNameRange     '0.8.10',
25 silly addNameRange     '0.8.11',
25 silly addNameRange     '0.8.12',
25 silly addNameRange     '0.8.13',
25 silly addNameRange     '0.8.14',
25 silly addNameRange     '0.8.15',
25 silly addNameRange     '0.9.0',
25 silly addNameRange     '0.9.1',
25 silly addNameRange     '0.9.2',
25 silly addNameRange     '0.9.3',
25 silly addNameRange     '0.9.4',
25 silly addNameRange     '0.9.5',
25 silly addNameRange     '0.9.6' ] ]
26 verbose addNamed [ 'pm2', '0.9.6' ]
27 verbose addNamed [ '0.9.6', '0.9.6' ]
28 silly lockFile eec0289a-pm2-0-9-6 pm2@0.9.6
29 verbose lock pm2@0.9.6 C:\Users\Voyager\AppData\Roaming\npm-cache\eec0289a-pm2-0-9-6.lock
30 silly lockFile 05e66e92-stry-npmjs-org-pm2-pm2-0-9-6-tgz https://registry.npmjs.org/pm2/-/pm2-0.9.6.tgz
31 verbose lock https://registry.npmjs.org/pm2/-/pm2-0.9.6.tgz C:\Users\Voyager\AppData\Roaming\npm-cache\05e66e92-stry-npmjs-org-pm2-pm2-0-9-6-tgz.lock
32 verbose addRemoteTarball [ 'https://registry.npmjs.org/pm2/-/pm2-0.9.6.tgz',
32 verbose addRemoteTarball   '9611c31a45f9e76fbbf44e0f7e58862f836739b0' ]
33 info retry fetch attempt 1 at 15:51:16
34 verbose fetch to= C:\Users\Voyager\AppData\Local\Temp\npm-1360-7JxgtomK\1408283476617-0.6064804114867002\tmp.tgz
35 http GET https://registry.npmjs.org/pm2/-/pm2-0.9.6.tgz
36 http 200 https://registry.npmjs.org/pm2/-/pm2-0.9.6.tgz
37 verbose tar unpack C:\Users\Voyager\AppData\Local\Temp\npm-1360-7JxgtomK\1408283476617-0.6064804114867002\tmp.tgz
38 silly lockFile 313edf5e-76617-0-6064804114867002-package tar://C:\Users\Voyager\AppData\Local\Temp\npm-1360-7JxgtomK\1408283476617-0.6064804114867002\package
39 verbose lock tar://C:\Users\Voyager\AppData\Local\Temp\npm-1360-7JxgtomK\1408283476617-0.6064804114867002\package C:\Users\Voyager\AppData\Roaming\npm-cache\313edf5e-76617-0-6064804114867002-package.lock
40 silly lockFile 23a899a5-76617-0-6064804114867002-tmp-tgz tar://C:\Users\Voyager\AppData\Local\Temp\npm-1360-7JxgtomK\1408283476617-0.6064804114867002\tmp.tgz
41 verbose lock tar://C:\Users\Voyager\AppData\Local\Temp\npm-1360-7JxgtomK\1408283476617-0.6064804114867002\tmp.tgz C:\Users\Voyager\AppData\Roaming\npm-cache\23a899a5-76617-0-6064804114867002-tmp-tgz.lock
42 silly gunzTarPerm modes [ '755', '644' ]
43 silly gunzTarPerm extractEntry package.json
44 silly gunzTarPerm extractEntry .npmignore
45 silly gunzTarPerm extractEntry README.md
46 silly gunzTarPerm extractEntry constants.js
47 silly gunzTarPerm extractEntry index.js
48 silly gunzTarPerm extractEntry bin/pm2
49 silly gunzTarPerm extractEntry GNU-AGPL-3.0.txt
50 silly gunzTarPerm extractEntry .editorconfig
51 silly gunzTarPerm extractEntry apps/default-path-echo.json
52 silly gunzTarPerm extractEntry apps/all-pm2.json
53 silly gunzTarPerm extractEntry apps/auto-kill-echo.json
54 silly gunzTarPerm extractEntry apps/cluster-pm2.json
55 silly gunzTarPerm extractEntry apps/cron-pm2.json
56 silly gunzTarPerm extractEntry apps/args.json
57 silly gunzTarPerm extractEntry apps/echo-pm2.json
58 silly gunzTarPerm extractEntry apps/env-pm2.json
59 silly gunzTarPerm extractEntry apps/killfast.json
60 silly gunzTarPerm extractEntry apps/multi-pm2.json
61 silly gunzTarPerm extractEntry apps/no-name-echo.json
62 silly gunzTarPerm extractEntry .gitattributes
63 silly gunzTarPerm extractEntry .travis.yml
64 silly gunzTarPerm extractEntry examples/args.js
65 silly gunzTarPerm extractEntry examples/moduleparent.js
66 silly gunzTarPerm extractEntry examples/echo.js
67 silly gunzTarPerm extractEntry examples/modulechild.js
68 silly gunzTarPerm extractEntry examples/load-me.js
69 silly gunzTarPerm extractEntry examples/cwd.js
70 silly gunzTarPerm extractEntry examples/env.js
71 silly gunzTarPerm extractEntry examples/env_args.js
72 silly gunzTarPerm extractEntry examples/leak.js
73 silly gunzTarPerm extractEntry examples/killtoofast.js
74 silly gunzTarPerm extractEntry examples/expose_method.js
75 silly gunzTarPerm extractEntry examples/custom_action_with_params.js
76 silly gunzTarPerm extractEntry examples/graceful-exit.js
77 silly gunzTarPerm extractEntry examples/custom_action.js
78 silly gunzTarPerm extractEntry examples/harmony.js
79 silly gunzTarPerm extractEntry examples/child2.js
80 silly gunzTarPerm extractEntry examples/human_event.js
81 silly gunzTarPerm extractEntry examples/require.js
82 silly gunzTarPerm extractEntry examples/json.js
83 silly gunzTarPerm extractEntry examples/child.js
84 silly gunzTarPerm extractEntry examples/kill-slow.js
85 silly gunzTarPerm extractEntry examples/sendmsg.js
86 silly gunzTarPerm extractEntry examples/killfast.js
87 silly gunzTarPerm extractEntry examples/stop-after5.js
88 silly gunzTarPerm extractEntry examples/killslow.js
89 silly gunzTarPerm extractEntry examples/echokill.js
90 silly gunzTarPerm extractEntry examples/throw.js
91 silly gunzTarPerm extractEntry examples/exit.js
92 silly gunzTarPerm extractEntry examples/bashscript.sh
93 silly gunzTarPerm extractEntry examples/exec_watch.json
94 silly gunzTarPerm extractEntry examples/echo.rb
95 silly gunzTarPerm extractEntry examples/echo.php
96 silly gunzTarPerm extractEntry examples/echo.coffee
97 silly gunzTarPerm extractEntry examples/child.js-pm2.json
98 silly gunzTarPerm extractEntry examples/child-pm2.json
99 silly gunzTarPerm extractEntry examples/child-pm2-v2.json
100 silly gunzTarPerm extractEntry CHANGELOG.md
101 silly gunzTarPerm extractEntry lib/CLI.js
102 silly gunzTarPerm extractEntry lib/Common.js
103 silly gunzTarPerm extractEntry lib/dateformat.js
104 silly gunzTarPerm extractEntry lib/God.js
105 silly gunzTarPerm extractEntry lib/HttpInterface.js
106 silly gunzTarPerm extractEntry lib/Watcher.js
107 silly gunzTarPerm extractEntry lib/Log.js
108 silly gunzTarPerm extractEntry lib/CliUx.js
109 silly gunzTarPerm extractEntry lib/ProcessContainer.js
110 silly gunzTarPerm extractEntry lib/Satan.js
111 silly gunzTarPerm extractEntry lib/Monit.js
112 silly gunzTarPerm extractEntry lib/Interactor/Cipher.js
113 silly gunzTarPerm extractEntry lib/Interactor/Daemon.js
114 silly gunzTarPerm extractEntry lib/Interactor/Filter.js
115 silly gunzTarPerm extractEntry lib/Interactor/InteractorDaemonizer.js
116 silly gunzTarPerm extractEntry lib/Interactor/PushInteractor.js
117 silly gunzTarPerm extractEntry lib/Interactor/ReverseInteractor.js
118 silly gunzTarPerm extractEntry lib/custom_options.sh
119 silly gunzTarPerm extractEntry lib/God/ActionMethods.js
120 silly gunzTarPerm extractEntry lib/God/ClusterMode.js
121 silly gunzTarPerm extractEntry lib/God/ForkMode.js
122 silly gunzTarPerm extractEntry lib/God/Methods.js
123 silly gunzTarPerm extractEntry lib/God/Reload.js
124 silly gunzTarPerm extractEntry lib/interpreter.json
125 silly gunzTarPerm extractEntry lib/sample.json
126 silly gunzTarPerm extractEntry lib/scripts/pm2
127 silly gunzTarPerm extractEntry lib/scripts/pm2-init-amazon.sh
128 silly gunzTarPerm extractEntry lib/scripts/pm2-init-centos.sh
129 silly gunzTarPerm extractEntry lib/scripts/pm2-init.sh
130 silly gunzTarPerm extractEntry lib/scripts/pm2.service
131 silly gunzTarPerm extractEntry CONTRIBUTING.md
132 silly gunzTarPerm extractEntry pres/Drawing1.png
133 silly gunzTarPerm extractEntry pres/pm2-htop.png
134 silly gunzTarPerm extractEntry pres/pm2-large.png
135 silly gunzTarPerm extractEntry pres/pm2-list.png
136 silly gunzTarPerm extractEntry pres/pm2-logs.png
137 silly gunzTarPerm extractEntry pres/pm2-monit.png
138 silly gunzTarPerm extractEntry pres/pm2-resurect.png
139 silly gunzTarPerm extractEntry pres/top-logo-wo.png
140 silly gunzTarPerm extractEntry pres/top-logo.png
141 silly gunzTarPerm extractEntry test/README.md
142 silly gunzTarPerm extractEntry test/index.js
143 silly gunzTarPerm extractEntry test/bash/infinite_loop.sh
144 silly gunzTarPerm extractEntry test/bash/cli-ux.sh
145 silly gunzTarPerm extractEntry test/bash/cli2.sh
146 silly gunzTarPerm extractEntry test/bash/fork.sh
147 silly gunzTarPerm extractEntry test/bash/gracefulReload.sh
148 silly gunzTarPerm extractEntry test/bash/gracefulReload2.sh
149 silly gunzTarPerm extractEntry test/bash/gracefulReload3.sh
150 silly gunzTarPerm extractEntry test/bash/harmony.sh
151 silly gunzTarPerm extractEntry test/bash/include.sh
152 silly gunzTarPerm extractEntry test/bash/cli.sh
153 silly gunzTarPerm extractEntry test/bash/interact.sh
154 silly gunzTarPerm extractEntry test/bash/json_file.sh
155 silly gunzTarPerm extractEntry test/bash/log-custom.sh
156 silly gunzTarPerm extractEntry test/bash/log-reload.sh
157 silly gunzTarPerm extractEntry test/bash/misc.sh
158 silly gunzTarPerm extractEntry test/bash/reload.sh
159 silly gunzTarPerm extractEntry test/bash/right-exit-code.sh
160 silly gunzTarPerm extractEntry test/bash/signal.sh
161 silly gunzTarPerm extractEntry test/bash/watch.sh
162 silly gunzTarPerm extractEntry test/fixtures/throw.js
163 silly gunzTarPerm extractEntry test/fixtures/env.js
164 silly gunzTarPerm extractEntry test/fixtures/graceful-exit-no-listen.js
165 silly gunzTarPerm extractEntry test/fixtures/graceful-exit-send.js
166 silly gunzTarPerm extractEntry test/fixtures/echo.js
167 silly gunzTarPerm extractEntry test/fixtures/harmony.js
168 silly gunzTarPerm extractEntry test/fixtures/killnotsofast.js
169 silly gunzTarPerm extractEntry test/fixtures/killtoofast.js
170 silly gunzTarPerm extractEntry test/fixtures/network.js
171 silly gunzTarPerm extractEntry test/fixtures/quit.js
172 silly gunzTarPerm extractEntry test/fixtures/cron.js
173 silly gunzTarPerm extractEntry test/fixtures/server-watch.bak.js
174 silly gunzTarPerm extractEntry test/fixtures/child.js
175 silly gunzTarPerm extractEntry test/fixtures/server.js
176 silly gunzTarPerm extractEntry test/fixtures/args.js
177 silly gunzTarPerm extractEntry test/fixtures/signal.js
178 silly gunzTarPerm extractEntry test/fixtures/graceful-exit.js
179 silly gunzTarPerm extractEntry test/fixtures/cluster-pm2.json
180 silly gunzTarPerm extractEntry test/fixtures/bashscript.sh
181 silly gunzTarPerm extractEntry test/fixtures/echo-pm2.json
182 silly gunzTarPerm extractEntry test/fixtures/echo-to-pm2.json
183 silly gunzTarPerm extractEntry test/fixtures/echo.coffee
184 silly gunzTarPerm extractEntry test/fixtures/change_cwd.json
185 silly gunzTarPerm extractEntry test/fixtures/multi-echo.json
186 silly gunzTarPerm extractEntry test/fixtures/echoto-pm2.json
187 silly gunzTarPerm extractEntry test/fixtures/no_cwd_change.json
188 silly gunzTarPerm extractEntry test/fixtures/path1/iminpath1.js
189 silly gunzTarPerm extractEntry test/fixtures/path1/path2/iminpath2.js
190 silly gunzTarPerm extractEntry test/fixtures/ecosystem.json
191 silly gunzTarPerm extractEntry test/fixtures/all.json
192 silly gunzTarPerm extractEntry test/fixtures/env.json
193 silly gunzTarPerm extractEntry test/fixtures/all2.json
194 silly gunzTarPerm extractEntry test/fixtures/events/custom_action.js
195 silly gunzTarPerm extractEntry test/fixtures/events/custom_action_with_params.js
196 silly gunzTarPerm extractEntry test/fixtures/events/own_event.js
197 silly gunzTarPerm extractEntry test/helpers/apps.js
198 silly gunzTarPerm extractEntry test/helpers/plan.js
199 silly gunzTarPerm extractEntry test/main.sh
200 silly gunzTarPerm extractEntry test/mocha.opts
201 silly gunzTarPerm extractEntry test/programmatic/child.js
202 silly gunzTarPerm extractEntry test/programmatic/god.mocha.js
203 silly gunzTarPerm extractEntry test/programmatic/interactor.daemonizer.mocha.js
204 silly gunzTarPerm extractEntry test/programmatic/interactor.mocha.js
205 silly gunzTarPerm extractEntry test/programmatic/monit.mocha.js
206 silly gunzTarPerm extractEntry test/programmatic/pm2Bus.mocha.js
207 silly gunzTarPerm extractEntry test/programmatic/programmatic.js
208 silly gunzTarPerm extractEntry test/programmatic/satan.mocha.js
209 silly gunzTarPerm extractEntry test.json
210 silly lockFile 313edf5e-76617-0-6064804114867002-package tar://C:\Users\Voyager\AppData\Local\Temp\npm-1360-7JxgtomK\1408283476617-0.6064804114867002\package
211 silly lockFile 313edf5e-76617-0-6064804114867002-package tar://C:\Users\Voyager\AppData\Local\Temp\npm-1360-7JxgtomK\1408283476617-0.6064804114867002\package
212 silly lockFile 23a899a5-76617-0-6064804114867002-tmp-tgz tar://C:\Users\Voyager\AppData\Local\Temp\npm-1360-7JxgtomK\1408283476617-0.6064804114867002\tmp.tgz
213 silly lockFile 23a899a5-76617-0-6064804114867002-tmp-tgz tar://C:\Users\Voyager\AppData\Local\Temp\npm-1360-7JxgtomK\1408283476617-0.6064804114867002\tmp.tgz
214 verbose tar pack [ 'C:\\Users\\Voyager\\AppData\\Roaming\\npm-cache\\pm2\\0.9.6\\package.tgz',
214 verbose tar pack   'C:\\Users\\Voyager\\AppData\\Local\\Temp\\npm-1360-7JxgtomK\\1408283476617-0.6064804114867002\\package' ]
215 verbose tarball C:\Users\Voyager\AppData\Roaming\npm-cache\pm2\0.9.6\package.tgz
216 verbose folder C:\Users\Voyager\AppData\Local\Temp\npm-1360-7JxgtomK\1408283476617-0.6064804114867002\package
217 silly lockFile 313edf5e-76617-0-6064804114867002-package tar://C:\Users\Voyager\AppData\Local\Temp\npm-1360-7JxgtomK\1408283476617-0.6064804114867002\package
218 verbose lock tar://C:\Users\Voyager\AppData\Local\Temp\npm-1360-7JxgtomK\1408283476617-0.6064804114867002\package C:\Users\Voyager\AppData\Roaming\npm-cache\313edf5e-76617-0-6064804114867002-package.lock
219 silly lockFile fe46640e--npm-cache-pm2-0-9-6-package-tgz tar://C:\Users\Voyager\AppData\Roaming\npm-cache\pm2\0.9.6\package.tgz
220 verbose lock tar://C:\Users\Voyager\AppData\Roaming\npm-cache\pm2\0.9.6\package.tgz C:\Users\Voyager\AppData\Roaming\npm-cache\fe46640e--npm-cache-pm2-0-9-6-package-tgz.lock
221 silly lockFile 313edf5e-76617-0-6064804114867002-package tar://C:\Users\Voyager\AppData\Local\Temp\npm-1360-7JxgtomK\1408283476617-0.6064804114867002\package
222 silly lockFile 313edf5e-76617-0-6064804114867002-package tar://C:\Users\Voyager\AppData\Local\Temp\npm-1360-7JxgtomK\1408283476617-0.6064804114867002\package
223 silly lockFile fe46640e--npm-cache-pm2-0-9-6-package-tgz tar://C:\Users\Voyager\AppData\Roaming\npm-cache\pm2\0.9.6\package.tgz
224 silly lockFile fe46640e--npm-cache-pm2-0-9-6-package-tgz tar://C:\Users\Voyager\AppData\Roaming\npm-cache\pm2\0.9.6\package.tgz
225 silly lockFile e86534dd-ming-npm-cache-pm2-0-9-6-package C:\Users\Voyager\AppData\Roaming\npm-cache\pm2\0.9.6\package
226 verbose lock C:\Users\Voyager\AppData\Roaming\npm-cache\pm2\0.9.6\package C:\Users\Voyager\AppData\Roaming\npm-cache\e86534dd-ming-npm-cache-pm2-0-9-6-package.lock
227 silly lockFile e86534dd-ming-npm-cache-pm2-0-9-6-package C:\Users\Voyager\AppData\Roaming\npm-cache\pm2\0.9.6\package
228 silly lockFile e86534dd-ming-npm-cache-pm2-0-9-6-package C:\Users\Voyager\AppData\Roaming\npm-cache\pm2\0.9.6\package
229 verbose tar unpack C:\Users\Voyager\AppData\Roaming\npm-cache\pm2\0.9.6\package.tgz
230 silly lockFile f8a35e42-ming-npm-cache-pm2-0-9-6-package tar://C:\Users\Voyager\AppData\Roaming\npm-cache\pm2\0.9.6\package
231 verbose lock tar://C:\Users\Voyager\AppData\Roaming\npm-cache\pm2\0.9.6\package C:\Users\Voyager\AppData\Roaming\npm-cache\f8a35e42-ming-npm-cache-pm2-0-9-6-package.lock
232 silly lockFile fe46640e--npm-cache-pm2-0-9-6-package-tgz tar://C:\Users\Voyager\AppData\Roaming\npm-cache\pm2\0.9.6\package.tgz
233 verbose lock tar://C:\Users\Voyager\AppData\Roaming\npm-cache\pm2\0.9.6\package.tgz C:\Users\Voyager\AppData\Roaming\npm-cache\fe46640e--npm-cache-pm2-0-9-6-package-tgz.lock
234 silly gunzTarPerm modes [ '755', '644' ]
235 silly gunzTarPerm extractEntry package.json
236 silly gunzTarPerm modified mode [ 'package.json', 438, 420 ]
237 silly gunzTarPerm extractEntry .npmignore
238 silly gunzTarPerm modified mode [ '.npmignore', 438, 420 ]
239 silly gunzTarPerm extractEntry README.md
240 silly gunzTarPerm modified mode [ 'README.md', 438, 420 ]
241 silly gunzTarPerm extractEntry constants.js
242 silly gunzTarPerm modified mode [ 'constants.js', 438, 420 ]
243 silly gunzTarPerm extractEntry index.js
244 silly gunzTarPerm modified mode [ 'index.js', 438, 420 ]
245 silly gunzTarPerm extractEntry examples/args.js
246 silly gunzTarPerm modified mode [ 'examples/args.js', 438, 420 ]
247 silly gunzTarPerm extractEntry examples/moduleparent.js
248 silly gunzTarPerm modified mode [ 'examples/moduleparent.js', 438, 420 ]
249 silly gunzTarPerm extractEntry examples/echo.js
250 silly gunzTarPerm modified mode [ 'examples/echo.js', 438, 420 ]
251 silly gunzTarPerm extractEntry examples/modulechild.js
252 silly gunzTarPerm modified mode [ 'examples/modulechild.js', 438, 420 ]
253 silly gunzTarPerm extractEntry examples/load-me.js
254 silly gunzTarPerm modified mode [ 'examples/load-me.js', 438, 420 ]
255 silly gunzTarPerm extractEntry examples/cwd.js
256 silly gunzTarPerm modified mode [ 'examples/cwd.js', 438, 420 ]
257 silly gunzTarPerm extractEntry examples/env.js
258 silly gunzTarPerm modified mode [ 'examples/env.js', 438, 420 ]
259 silly gunzTarPerm extractEntry examples/env_args.js
260 silly gunzTarPerm modified mode [ 'examples/env_args.js', 438, 420 ]
261 silly gunzTarPerm extractEntry examples/leak.js
262 silly gunzTarPerm modified mode [ 'examples/leak.js', 438, 420 ]
263 silly gunzTarPerm extractEntry examples/killtoofast.js
264 silly gunzTarPerm modified mode [ 'examples/killtoofast.js', 438, 420 ]
265 silly gunzTarPerm extractEntry examples/expose_method.js
266 silly gunzTarPerm modified mode [ 'examples/expose_method.js', 438, 420 ]
267 silly gunzTarPerm extractEntry examples/custom_action_with_params.js
268 silly gunzTarPerm modified mode [ 'examples/custom_action_with_params.js', 438, 420 ]
269 silly gunzTarPerm extractEntry examples/graceful-exit.js
270 silly gunzTarPerm modified mode [ 'examples/graceful-exit.js', 438, 420 ]
271 silly gunzTarPerm extractEntry examples/custom_action.js
272 silly gunzTarPerm modified mode [ 'examples/custom_action.js', 438, 420 ]
273 silly gunzTarPerm extractEntry examples/harmony.js
274 silly gunzTarPerm modified mode [ 'examples/harmony.js', 438, 420 ]
275 silly gunzTarPerm extractEntry examples/child2.js
276 silly gunzTarPerm modified mode [ 'examples/child2.js', 438, 420 ]
277 silly gunzTarPerm extractEntry examples/human_event.js
278 silly gunzTarPerm modified mode [ 'examples/human_event.js', 438, 420 ]
279 silly gunzTarPerm extractEntry examples/require.js
280 silly gunzTarPerm modified mode [ 'examples/require.js', 438, 420 ]
281 silly gunzTarPerm extractEntry examples/json.js
282 silly gunzTarPerm modified mode [ 'examples/json.js', 438, 420 ]
283 silly gunzTarPerm extractEntry examples/child.js
284 silly gunzTarPerm modified mode [ 'examples/child.js', 438, 420 ]
285 silly gunzTarPerm extractEntry examples/kill-slow.js
286 silly gunzTarPerm modified mode [ 'examples/kill-slow.js', 438, 420 ]
287 silly gunzTarPerm extractEntry examples/sendmsg.js
288 silly gunzTarPerm modified mode [ 'examples/sendmsg.js', 438, 420 ]
289 silly gunzTarPerm extractEntry examples/killfast.js
290 silly gunzTarPerm modified mode [ 'examples/killfast.js', 438, 420 ]
291 silly gunzTarPerm extractEntry examples/stop-after5.js
292 silly gunzTarPerm modified mode [ 'examples/stop-after5.js', 438, 420 ]
293 silly gunzTarPerm extractEntry examples/killslow.js
294 silly gunzTarPerm modified mode [ 'examples/killslow.js', 438, 420 ]
295 silly gunzTarPerm extractEntry examples/echokill.js
296 silly gunzTarPerm modified mode [ 'examples/echokill.js', 438, 420 ]
297 silly gunzTarPerm extractEntry examples/throw.js
298 silly gunzTarPerm modified mode [ 'examples/throw.js', 438, 420 ]
299 silly gunzTarPerm extractEntry examples/exit.js
300 silly gunzTarPerm modified mode [ 'examples/exit.js', 438, 420 ]
301 silly gunzTarPerm extractEntry examples/bashscript.sh
302 silly gunzTarPerm modified mode [ 'examples/bashscript.sh', 438, 420 ]
303 silly gunzTarPerm extractEntry examples/exec_watch.json
304 silly gunzTarPerm modified mode [ 'examples/exec_watch.json', 438, 420 ]
305 silly gunzTarPerm extractEntry examples/echo.rb
306 silly gunzTarPerm modified mode [ 'examples/echo.rb', 438, 420 ]
307 silly gunzTarPerm extractEntry examples/echo.php
308 silly gunzTarPerm modified mode [ 'examples/echo.php', 438, 420 ]
309 silly gunzTarPerm extractEntry examples/echo.coffee
310 silly gunzTarPerm modified mode [ 'examples/echo.coffee', 438, 420 ]
311 silly gunzTarPerm extractEntry examples/child.js-pm2.json
312 silly gunzTarPerm modified mode [ 'examples/child.js-pm2.json', 438, 420 ]
313 silly gunzTarPerm extractEntry examples/child-pm2.json
314 silly gunzTarPerm modified mode [ 'examples/child-pm2.json', 438, 420 ]
315 silly gunzTarPerm extractEntry examples/child-pm2-v2.json
316 silly gunzTarPerm modified mode [ 'examples/child-pm2-v2.json', 438, 420 ]
317 silly gunzTarPerm extractEntry CHANGELOG.md
318 silly gunzTarPerm modified mode [ 'CHANGELOG.md', 438, 420 ]
319 silly gunzTarPerm extractEntry .editorconfig
320 silly gunzTarPerm modified mode [ '.editorconfig', 438, 420 ]
321 silly gunzTarPerm extractEntry CONTRIBUTING.md
322 silly gunzTarPerm modified mode [ 'CONTRIBUTING.md', 438, 420 ]
323 silly gunzTarPerm extractEntry .gitattributes
324 silly gunzTarPerm modified mode [ '.gitattributes', 438, 420 ]
325 silly gunzTarPerm extractEntry GNU-AGPL-3.0.txt
326 silly gunzTarPerm modified mode [ 'GNU-AGPL-3.0.txt', 438, 420 ]
327 silly gunzTarPerm extractEntry .travis.yml
328 silly gunzTarPerm modified mode [ '.travis.yml', 438, 420 ]
329 silly gunzTarPerm extractEntry lib/CLI.js
330 silly gunzTarPerm modified mode [ 'lib/CLI.js', 438, 420 ]
331 silly gunzTarPerm extractEntry lib/Common.js
332 silly gunzTarPerm modified mode [ 'lib/Common.js', 438, 420 ]
333 silly gunzTarPerm extractEntry lib/Satan.js
334 silly gunzTarPerm modified mode [ 'lib/Satan.js', 438, 420 ]
335 silly gunzTarPerm extractEntry lib/dateformat.js
336 silly gunzTarPerm modified mode [ 'lib/dateformat.js', 438, 420 ]
337 silly gunzTarPerm extractEntry lib/ProcessContainer.js
338 silly gunzTarPerm modified mode [ 'lib/ProcessContainer.js', 438, 420 ]
339 silly gunzTarPerm extractEntry lib/God.js
340 silly gunzTarPerm modified mode [ 'lib/God.js', 438, 420 ]
341 silly gunzTarPerm extractEntry lib/HttpInterface.js
342 silly gunzTarPerm modified mode [ 'lib/HttpInterface.js', 438, 420 ]
343 silly gunzTarPerm extractEntry lib/CliUx.js
344 silly gunzTarPerm modified mode [ 'lib/CliUx.js', 438, 420 ]
345 silly gunzTarPerm extractEntry lib/Monit.js
346 silly gunzTarPerm modified mode [ 'lib/Monit.js', 438, 420 ]
347 silly gunzTarPerm extractEntry lib/Log.js
348 silly gunzTarPerm modified mode [ 'lib/Log.js', 438, 420 ]
349 silly gunzTarPerm extractEntry lib/Watcher.js
350 silly gunzTarPerm modified mode [ 'lib/Watcher.js', 438, 420 ]
351 silly gunzTarPerm extractEntry lib/interpreter.json
352 silly gunzTarPerm modified mode [ 'lib/interpreter.json', 438, 420 ]
353 silly gunzTarPerm extractEntry lib/God/ActionMethods.js
354 silly gunzTarPerm modified mode [ 'lib/God/ActionMethods.js', 438, 420 ]
355 silly gunzTarPerm extractEntry lib/God/ClusterMode.js
356 silly gunzTarPerm modified mode [ 'lib/God/ClusterMode.js', 438, 420 ]
357 silly gunzTarPerm extractEntry lib/God/ForkMode.js
358 silly gunzTarPerm modified mode [ 'lib/God/ForkMode.js', 438, 420 ]
359 silly gunzTarPerm extractEntry lib/God/Methods.js
360 silly gunzTarPerm modified mode [ 'lib/God/Methods.js', 438, 420 ]
361 silly gunzTarPerm extractEntry lib/God/Reload.js
362 silly gunzTarPerm modified mode [ 'lib/God/Reload.js', 438, 420 ]
363 silly gunzTarPerm extractEntry lib/sample.json
364 silly gunzTarPerm modified mode [ 'lib/sample.json', 438, 420 ]
365 silly gunzTarPerm extractEntry lib/custom_options.sh
366 silly gunzTarPerm modified mode [ 'lib/custom_options.sh', 438, 420 ]
367 silly gunzTarPerm extractEntry lib/scripts/pm2
368 silly gunzTarPerm modified mode [ 'lib/scripts/pm2', 438, 420 ]
369 silly gunzTarPerm extractEntry lib/scripts/pm2-init-amazon.sh
370 silly gunzTarPerm modified mode [ 'lib/scripts/pm2-init-amazon.sh', 438, 420 ]
371 silly gunzTarPerm extractEntry lib/scripts/pm2-init-centos.sh
372 silly gunzTarPerm modified mode [ 'lib/scripts/pm2-init-centos.sh', 438, 420 ]
373 silly gunzTarPerm extractEntry lib/scripts/pm2-init.sh
374 silly gunzTarPerm modified mode [ 'lib/scripts/pm2-init.sh', 438, 420 ]
375 silly gunzTarPerm extractEntry lib/scripts/pm2.service
376 silly gunzTarPerm modified mode [ 'lib/scripts/pm2.service', 438, 420 ]
377 silly gunzTarPerm extractEntry lib/Interactor/Cipher.js
378 silly gunzTarPerm modified mode [ 'lib/Interactor/Cipher.js', 438, 420 ]
379 silly gunzTarPerm extractEntry lib/Interactor/Daemon.js
380 silly gunzTarPerm modified mode [ 'lib/Interactor/Daemon.js', 438, 420 ]
381 silly gunzTarPerm extractEntry lib/Interactor/Filter.js
382 silly gunzTarPerm modified mode [ 'lib/Interactor/Filter.js', 438, 420 ]
383 silly gunzTarPerm extractEntry lib/Interactor/InteractorDaemonizer.js
384 silly gunzTarPerm modified mode [ 'lib/Interactor/InteractorDaemonizer.js', 438, 420 ]
385 silly gunzTarPerm extractEntry lib/Interactor/PushInteractor.js
386 silly gunzTarPerm modified mode [ 'lib/Interactor/PushInteractor.js', 438, 420 ]
387 silly gunzTarPerm extractEntry lib/Interactor/ReverseInteractor.js
388 silly gunzTarPerm modified mode [ 'lib/Interactor/ReverseInteractor.js', 438, 420 ]
389 silly gunzTarPerm extractEntry apps/default-path-echo.json
390 silly gunzTarPerm modified mode [ 'apps/default-path-echo.json', 438, 420 ]
391 silly gunzTarPerm extractEntry apps/all-pm2.json
392 silly gunzTarPerm modified mode [ 'apps/all-pm2.json', 438, 420 ]
393 silly gunzTarPerm extractEntry apps/auto-kill-echo.json
394 silly gunzTarPerm modified mode [ 'apps/auto-kill-echo.json', 438, 420 ]
395 silly gunzTarPerm extractEntry apps/cluster-pm2.json
396 silly gunzTarPerm modified mode [ 'apps/cluster-pm2.json', 438, 420 ]
397 silly gunzTarPerm extractEntry apps/cron-pm2.json
398 silly gunzTarPerm modified mode [ 'apps/cron-pm2.json', 438, 420 ]
399 silly gunzTarPerm extractEntry apps/args.json
400 silly gunzTarPerm modified mode [ 'apps/args.json', 438, 420 ]
401 silly gunzTarPerm extractEntry apps/echo-pm2.json
402 silly gunzTarPerm modified mode [ 'apps/echo-pm2.json', 438, 420 ]
403 silly gunzTarPerm extractEntry apps/env-pm2.json
404 silly gunzTarPerm modified mode [ 'apps/env-pm2.json', 438, 420 ]
405 silly gunzTarPerm extractEntry apps/killfast.json
406 silly gunzTarPerm modified mode [ 'apps/killfast.json', 438, 420 ]
407 silly gunzTarPerm extractEntry apps/multi-pm2.json
408 silly gunzTarPerm modified mode [ 'apps/multi-pm2.json', 438, 420 ]
409 silly gunzTarPerm extractEntry apps/no-name-echo.json
410 silly gunzTarPerm modified mode [ 'apps/no-name-echo.json', 438, 420 ]
411 silly gunzTarPerm extractEntry pres/Drawing1.png
412 silly gunzTarPerm modified mode [ 'pres/Drawing1.png', 438, 420 ]
413 silly gunzTarPerm extractEntry pres/pm2-htop.png
414 silly gunzTarPerm modified mode [ 'pres/pm2-htop.png', 438, 420 ]
415 silly gunzTarPerm extractEntry pres/pm2-large.png
416 silly gunzTarPerm modified mode [ 'pres/pm2-large.png', 438, 420 ]
417 silly gunzTarPerm extractEntry pres/pm2-list.png
418 silly gunzTarPerm modified mode [ 'pres/pm2-list.png', 438, 420 ]
419 silly gunzTarPerm extractEntry pres/pm2-logs.png
420 silly gunzTarPerm modified mode [ 'pres/pm2-logs.png', 438, 420 ]
421 silly gunzTarPerm extractEntry pres/pm2-monit.png
422 silly gunzTarPerm modified mode [ 'pres/pm2-monit.png', 438, 420 ]
423 silly gunzTarPerm extractEntry pres/pm2-resurect.png
424 silly gunzTarPerm modified mode [ 'pres/pm2-resurect.png', 438, 420 ]
425 silly gunzTarPerm extractEntry pres/top-logo-wo.png
426 silly gunzTarPerm modified mode [ 'pres/top-logo-wo.png', 438, 420 ]
427 silly gunzTarPerm extractEntry pres/top-logo.png
428 silly gunzTarPerm modified mode [ 'pres/top-logo.png', 438, 420 ]
429 silly gunzTarPerm extractEntry bin/pm2
430 silly gunzTarPerm modified mode [ 'bin/pm2', 438, 420 ]
431 silly gunzTarPerm extractEntry test/README.md
432 silly gunzTarPerm modified mode [ 'test/README.md', 438, 420 ]
433 silly gunzTarPerm extractEntry test/index.js
434 silly gunzTarPerm modified mode [ 'test/index.js', 438, 420 ]
435 silly gunzTarPerm extractEntry test/bash/infinite_loop.sh
436 silly gunzTarPerm modified mode [ 'test/bash/infinite_loop.sh', 438, 420 ]
437 silly gunzTarPerm extractEntry test/bash/cli-ux.sh
438 silly gunzTarPerm modified mode [ 'test/bash/cli-ux.sh', 438, 420 ]
439 silly gunzTarPerm extractEntry test/bash/cli2.sh
440 silly gunzTarPerm modified mode [ 'test/bash/cli2.sh', 438, 420 ]
441 silly gunzTarPerm extractEntry test/bash/fork.sh
442 silly gunzTarPerm modified mode [ 'test/bash/fork.sh', 438, 420 ]
443 silly gunzTarPerm extractEntry test/bash/gracefulReload.sh
444 silly gunzTarPerm modified mode [ 'test/bash/gracefulReload.sh', 438, 420 ]
445 silly gunzTarPerm extractEntry test/bash/gracefulReload2.sh
446 silly gunzTarPerm modified mode [ 'test/bash/gracefulReload2.sh', 438, 420 ]
447 silly gunzTarPerm extractEntry test/bash/gracefulReload3.sh
448 silly gunzTarPerm modified mode [ 'test/bash/gracefulReload3.sh', 438, 420 ]
449 silly gunzTarPerm extractEntry test/bash/harmony.sh
450 silly gunzTarPerm modified mode [ 'test/bash/harmony.sh', 438, 420 ]
451 silly gunzTarPerm extractEntry test/bash/include.sh
452 silly gunzTarPerm modified mode [ 'test/bash/include.sh', 438, 420 ]
453 silly gunzTarPerm extractEntry test/bash/cli.sh
454 silly gunzTarPerm modified mode [ 'test/bash/cli.sh', 438, 420 ]
455 silly gunzTarPerm extractEntry test/bash/interact.sh
456 silly gunzTarPerm modified mode [ 'test/bash/interact.sh', 438, 420 ]
457 silly gunzTarPerm extractEntry test/bash/json_file.sh
458 silly gunzTarPerm modified mode [ 'test/bash/json_file.sh', 438, 420 ]
459 silly gunzTarPerm extractEntry test/bash/log-custom.sh
460 silly gunzTarPerm modified mode [ 'test/bash/log-custom.sh', 438, 420 ]
461 silly gunzTarPerm extractEntry test/bash/log-reload.sh
462 silly gunzTarPerm modified mode [ 'test/bash/log-reload.sh', 438, 420 ]
463 silly gunzTarPerm extractEntry test/bash/misc.sh
464 silly gunzTarPerm modified mode [ 'test/bash/misc.sh', 438, 420 ]
465 silly gunzTarPerm extractEntry test/bash/reload.sh
466 silly gunzTarPerm modified mode [ 'test/bash/reload.sh', 438, 420 ]
467 silly gunzTarPerm extractEntry test/bash/right-exit-code.sh
468 silly gunzTarPerm modified mode [ 'test/bash/right-exit-code.sh', 438, 420 ]
469 silly gunzTarPerm extractEntry test/bash/signal.sh
470 silly gunzTarPerm modified mode [ 'test/bash/signal.sh', 438, 420 ]
471 silly gunzTarPerm extractEntry test/bash/watch.sh
472 silly gunzTarPerm modified mode [ 'test/bash/watch.sh', 438, 420 ]
473 silly gunzTarPerm extractEntry test/fixtures/throw.js
474 silly gunzTarPerm modified mode [ 'test/fixtures/throw.js', 438, 420 ]
475 silly gunzTarPerm extractEntry test/fixtures/env.js
476 silly gunzTarPerm modified mode [ 'test/fixtures/env.js', 438, 420 ]
477 silly gunzTarPerm extractEntry test/fixtures/graceful-exit-no-listen.js
478 silly gunzTarPerm modified mode [ 'test/fixtures/graceful-exit-no-listen.js', 438, 420 ]
479 silly gunzTarPerm extractEntry test/fixtures/graceful-exit-send.js
480 silly gunzTarPerm modified mode [ 'test/fixtures/graceful-exit-send.js', 438, 420 ]
481 silly gunzTarPerm extractEntry test/fixtures/echo.js
482 silly gunzTarPerm modified mode [ 'test/fixtures/echo.js', 438, 420 ]
483 silly gunzTarPerm extractEntry test/fixtures/harmony.js
484 silly gunzTarPerm modified mode [ 'test/fixtures/harmony.js', 438, 420 ]
485 silly gunzTarPerm extractEntry test/fixtures/killnotsofast.js
486 silly gunzTarPerm modified mode [ 'test/fixtures/killnotsofast.js', 438, 420 ]
487 silly gunzTarPerm extractEntry test/fixtures/killtoofast.js
488 silly gunzTarPerm modified mode [ 'test/fixtures/killtoofast.js', 438, 420 ]
489 silly gunzTarPerm extractEntry test/fixtures/network.js
490 silly gunzTarPerm modified mode [ 'test/fixtures/network.js', 438, 420 ]
491 silly gunzTarPerm extractEntry test/fixtures/quit.js
492 silly gunzTarPerm modified mode [ 'test/fixtures/quit.js', 438, 420 ]
493 silly gunzTarPerm extractEntry test/fixtures/cron.js
494 silly gunzTarPerm modified mode [ 'test/fixtures/cron.js', 438, 420 ]
495 silly gunzTarPerm extractEntry test/fixtures/server-watch.bak.js
496 silly gunzTarPerm modified mode [ 'test/fixtures/server-watch.bak.js', 438, 420 ]
497 silly gunzTarPerm extractEntry test/fixtures/child.js
498 silly gunzTarPerm modified mode [ 'test/fixtures/child.js', 438, 420 ]
499 silly gunzTarPerm extractEntry test/fixtures/server.js
500 silly gunzTarPerm modified mode [ 'test/fixtures/server.js', 438, 420 ]
501 silly gunzTarPerm extractEntry test/fixtures/args.js
502 silly gunzTarPerm modified mode [ 'test/fixtures/args.js', 438, 420 ]
503 silly gunzTarPerm extractEntry test/fixtures/signal.js
504 silly gunzTarPerm modified mode [ 'test/fixtures/signal.js', 438, 420 ]
505 silly gunzTarPerm extractEntry test/fixtures/graceful-exit.js
506 silly gunzTarPerm modified mode [ 'test/fixtures/graceful-exit.js', 438, 420 ]
507 silly gunzTarPerm extractEntry test/fixtures/cluster-pm2.json
508 silly gunzTarPerm modified mode [ 'test/fixtures/cluster-pm2.json', 438, 420 ]
509 silly gunzTarPerm extractEntry test/fixtures/bashscript.sh
510 silly gunzTarPerm modified mode [ 'test/fixtures/bashscript.sh', 438, 420 ]
511 silly gunzTarPerm extractEntry test/fixtures/echo-pm2.json
512 silly gunzTarPerm modified mode [ 'test/fixtures/echo-pm2.json', 438, 420 ]
513 silly gunzTarPerm extractEntry test/fixtures/echo-to-pm2.json
514 silly gunzTarPerm modified mode [ 'test/fixtures/echo-to-pm2.json', 438, 420 ]
515 silly gunzTarPerm extractEntry test/fixtures/echo.coffee
516 silly gunzTarPerm modified mode [ 'test/fixtures/echo.coffee', 438, 420 ]
517 silly gunzTarPerm extractEntry test/fixtures/change_cwd.json
518 silly gunzTarPerm modified mode [ 'test/fixtures/change_cwd.json', 438, 420 ]
519 silly gunzTarPerm extractEntry test/fixtures/multi-echo.json
520 silly gunzTarPerm modified mode [ 'test/fixtures/multi-echo.json', 438, 420 ]
521 silly gunzTarPerm extractEntry test/fixtures/echoto-pm2.json
522 silly gunzTarPerm modified mode [ 'test/fixtures/echoto-pm2.json', 438, 420 ]
523 silly gunzTarPerm extractEntry test/fixtures/no_cwd_change.json
524 silly gunzTarPerm modified mode [ 'test/fixtures/no_cwd_change.json', 438, 420 ]
525 silly gunzTarPerm extractEntry test/fixtures/path1/iminpath1.js
526 silly gunzTarPerm modified mode [ 'test/fixtures/path1/iminpath1.js', 438, 420 ]
527 silly gunzTarPerm extractEntry test/fixtures/path1/path2/iminpath2.js
528 silly gunzTarPerm modified mode [ 'test/fixtures/path1/path2/iminpath2.js', 438, 420 ]
529 silly gunzTarPerm extractEntry test/fixtures/ecosystem.json
530 silly gunzTarPerm modified mode [ 'test/fixtures/ecosystem.json', 438, 420 ]
531 silly gunzTarPerm extractEntry test/fixtures/all.json
532 silly gunzTarPerm modified mode [ 'test/fixtures/all.json', 438, 420 ]
533 silly gunzTarPerm extractEntry test/fixtures/env.json
534 silly gunzTarPerm modified mode [ 'test/fixtures/env.json', 438, 420 ]
535 silly gunzTarPerm extractEntry test/fixtures/all2.json
536 silly gunzTarPerm modified mode [ 'test/fixtures/all2.json', 438, 420 ]
537 silly gunzTarPerm extractEntry test/fixtures/events/custom_action.js
538 silly gunzTarPerm modified mode [ 'test/fixtures/events/custom_action.js', 438, 420 ]
539 silly gunzTarPerm extractEntry test/fixtures/events/custom_action_with_params.js
540 silly gunzTarPerm modified mode [ 'test/fixtures/events/custom_action_with_params.js', 438, 420 ]
541 silly gunzTarPerm extractEntry test/fixtures/events/own_event.js
542 silly gunzTarPerm modified mode [ 'test/fixtures/events/own_event.js', 438, 420 ]
543 silly gunzTarPerm extractEntry test/helpers/apps.js
544 silly gunzTarPerm modified mode [ 'test/helpers/apps.js', 438, 420 ]
545 silly gunzTarPerm extractEntry test/helpers/plan.js
546 silly gunzTarPerm modified mode [ 'test/helpers/plan.js', 438, 420 ]
547 silly gunzTarPerm extractEntry test/main.sh
548 silly gunzTarPerm modified mode [ 'test/main.sh', 438, 420 ]
549 silly gunzTarPerm extractEntry test/mocha.opts
550 silly gunzTarPerm modified mode [ 'test/mocha.opts', 438, 420 ]
551 silly gunzTarPerm extractEntry test/programmatic/child.js
552 silly gunzTarPerm modified mode [ 'test/programmatic/child.js', 438, 420 ]
553 silly gunzTarPerm extractEntry test/programmatic/god.mocha.js
554 silly gunzTarPerm modified mode [ 'test/programmatic/god.mocha.js', 438, 420 ]
555 silly gunzTarPerm extractEntry test/programmatic/interactor.daemonizer.mocha.js
556 silly gunzTarPerm modified mode [ 'test/programmatic/interactor.daemonizer.mocha.js', 438, 420 ]
557 silly gunzTarPerm extractEntry test/programmatic/interactor.mocha.js
558 silly gunzTarPerm modified mode [ 'test/programmatic/interactor.mocha.js', 438, 420 ]
559 silly gunzTarPerm extractEntry test/programmatic/monit.mocha.js
560 silly gunzTarPerm modified mode [ 'test/programmatic/monit.mocha.js', 438, 420 ]
561 silly gunzTarPerm extractEntry test/programmatic/pm2Bus.mocha.js
562 silly gunzTarPerm modified mode [ 'test/programmatic/pm2Bus.mocha.js', 438, 420 ]
563 silly gunzTarPerm extractEntry test/programmatic/programmatic.js
564 silly gunzTarPerm modified mode [ 'test/programmatic/programmatic.js', 438, 420 ]
565 silly gunzTarPerm extractEntry test/programmatic/satan.mocha.js
566 silly gunzTarPerm modified mode [ 'test/programmatic/satan.mocha.js', 438, 420 ]
567 silly gunzTarPerm extractEntry test.json
568 silly gunzTarPerm modified mode [ 'test.json', 438, 420 ]
569 silly lockFile f8a35e42-ming-npm-cache-pm2-0-9-6-package tar://C:\Users\Voyager\AppData\Roaming\npm-cache\pm2\0.9.6\package
570 silly lockFile f8a35e42-ming-npm-cache-pm2-0-9-6-package tar://C:\Users\Voyager\AppData\Roaming\npm-cache\pm2\0.9.6\package
571 silly lockFile fe46640e--npm-cache-pm2-0-9-6-package-tgz tar://C:\Users\Voyager\AppData\Roaming\npm-cache\pm2\0.9.6\package.tgz
572 silly lockFile fe46640e--npm-cache-pm2-0-9-6-package-tgz tar://C:\Users\Voyager\AppData\Roaming\npm-cache\pm2\0.9.6\package.tgz
573 verbose chmod C:\Users\Voyager\AppData\Roaming\npm-cache\pm2\0.9.6\package.tgz 644
574 silly chown skipping for windows C:\Users\Voyager\AppData\Roaming\npm-cache\pm2\0.9.6\package.tgz
575 silly lockFile 05e66e92-stry-npmjs-org-pm2-pm2-0-9-6-tgz https://registry.npmjs.org/pm2/-/pm2-0.9.6.tgz
576 silly lockFile 05e66e92-stry-npmjs-org-pm2-pm2-0-9-6-tgz https://registry.npmjs.org/pm2/-/pm2-0.9.6.tgz
577 silly lockFile eec0289a-pm2-0-9-6 pm2@0.9.6
578 silly lockFile eec0289a-pm2-0-9-6 pm2@0.9.6
579 silly lockFile d1072219-pm2 pm2@
580 silly lockFile d1072219-pm2 pm2@
581 silly resolved [ { name: 'pm2',
581 silly resolved     preferGlobal: 'true',
581 silly resolved     version: '0.9.6',
581 silly resolved     os: [ '!win32' ],
581 silly resolved     engines: { node: '>=0.10' },
581 silly resolved     directories: { bin: './bin', lib: './lib', example: './examples' },
581 silly resolved     author:
581 silly resolved      { name: 'Strzelewicz Alexandre',
581 silly resolved        email: 'as@unitech.io',
581 silly resolved        url: 'http://pm2.io' },
581 silly resolved     maintainers: [ [Object], [Object], [Object], [Object] ],
581 silly resolved     contributors:
581 silly resolved      [ [Object],
581 silly resolved        [Object],
581 silly resolved        [Object],
581 silly resolved        [Object],
581 silly resolved        [Object],
581 silly resolved        [Object],
581 silly resolved        [Object],
581 silly resolved        [Object],
581 silly resolved        [Object],
581 silly resolved        [Object] ],
581 silly resolved     homepage: 'https://github.com/Unitech/pm2',
581 silly resolved     description: 'Modern CLI process manager for Node apps with a builtin load-balancer',
581 silly resolved     main: 'index.js',
581 silly resolved     scripts: { test: 'bash test/main.sh && NODE_ENV=test mocha' },
581 silly resolved     keywords:
581 silly resolved      [ 'cli',
581 silly resolved        'fault tolerant',
581 silly resolved        'sysadmin',
581 silly resolved        'tools',
581 silly resolved        'h24',
581 silly resolved        'pm2',
581 silly resolved        'harmony',
581 silly resolved        'node-pm2',
581 silly resolved        'production',
581 silly resolved        'vitalsigns',
581 silly resolved        'pm2.io',
581 silly resolved        'ghost',
581 silly resolved        'ghost production',
581 silly resolved        'monitoring',
581 silly resolved        'process manager',
581 silly resolved        'forever',
581 silly resolved        'keep process alive',
581 silly resolved        'process configuration',
581 silly resolved        'clustering',
581 silly resolved        'cluster cli',
581 silly resolved        'cluster',
581 silly resolved        'cron',
581 silly resolved        'devops',
581 silly resolved        'dev ops' ],
581 silly resolved     bin: { pm2: './bin/pm2' },
581 silly resolved     dependencies:
581 silly resolved      { async: '~0.9.0',
581 silly resolved        axm: '~0.1.7',
581 silly resolved        axon: '~1.0.0',
581 silly resolved        chalk: '^0.4.0',
581 silly resolved        chokidar: '~0.8.2',
581 silly resolved        'cli-table': '~0.3.0',
581 silly resolved        'coffee-script': '~1.7.1',
581 silly resolved        colors: '~0.6.2',
581 silly resolved        commander: '~2.2.0',
581 silly resolved        cron: '~1.0.4',
581 silly resolved        debug: '~1.0.2',
581 silly resolved        eventemitter2: '~0.4.13',
581 silly resolved        'json-stringify-safe': '~5.0.0',
581 silly resolved        nssocket: '~0.5.1',
581 silly resolved        punt: '~2.2.0',
581 silly resolved        pidusage: '~0.0.6',
581 silly resolved        'pm2-axon-rpc': '~0.0.2',
581 silly resolved        'pm2-deploy': '~0.0.4',
581 silly resolved        'pm2-interface': '~0.1.3',
581 silly resolved        'pm2-multimeter': '~0.1.2',
581 silly resolved        moment: '~2.7.0',
581 silly resolved        'uid-number': '0.0.5',
581 silly resolved        'pm2-logs': 'latest' },
581 silly resolved     devDependencies:
581 silly resolved      { mocha: '^1.20.1',
581 silly resolved        should: '^4.0.0',
581 silly resolved        'better-assert': '^1.0.0',
581 silly resolved        'promise-spawner': '0.0.3' },
581 silly resolved     optionalDependencies: { 'pm2-logs': 'latest' },
581 silly resolved     bugs: { url: 'https://github.com/Unitech/pm2/issues' },
581 silly resolved     repository: { type: 'git', url: 'git://github.com/Unitech/pm2.git' },
581 silly resolved     license: 'AGPLv3',
581 silly resolved     readme: '![pm2](https://github.com/unitech/pm2/raw/master/pres/top-logo-wo.png)\n\npm2 is a process manager for Node apps with a built-in load balancer.\n\n### Tech notes\n\npm2 is perfect when you need to spread your stateless Node.js code accross all CPUs available on a server, to keep all processes alive forever and to 0s reload them.\n\n### Main features\n\n- Built-in load balancer (using the native cluster module)\n- Script daemonization\n- 0s downtime reload for Node apps\n- Generate SystemV/SystemD startup scripts (Ubuntu, Centos...)\n- Pause unstable process (avoid infinite loop)\n- Restart on file change with `--watch`\n- Monitoring in console\n\nTested with Node v0.11, v0.10 (https://travis-ci.org/Unitech/pm2).\n\n**The recommended Node.js version is v0.11.13**\n\nCompatible with CoffeeScript.\nWorks on Linux & MacOS.\n\n[![NPM version](https://badge.fury.io/js/pm2.png)](http://badge.fury.io/js/pm2)\n[![Donate](http://gravaco.in/b06327acf5ae1a2ce3f08254ed7f33d7.png)](http://goo.gl/sdaIwX)\n\n[![NPM](https://nodei.co/npm/pm2.png?downloads=true)](https://nodei.co/npm/pm2.png?downloads=true)\n\n<!-- ### Build Status -->\n\nMaster: [![Build Status](https://api.travis-ci.org/Unitech/pm2.png?branch=master)](https://travis-ci.org/Unitech/pm2)\n\nDevelopment: [![Build Status](https://api.travis-ci.org/Unitech/pm2.png?branch=development)](https://travis-ci.org/Unitech/pm2)\n\n## Monitoring dashboard\n\n![Dashboard](http://leapfrogui.com/controlfrog/img/cf-layout-1.png)\n\nWe\'re going to release a very nice product, a dashboard to monitor every part of your Node.js applications. Here are some links:\n\n- [Pitch + Survey](https://docs.google.com/forms/d/1FuCjIhrGg-ItxInq2nLreoe9GS-gZWJNkNWE0JJajw8/viewform) People who fill the survey will be eligible for free license\n- [Newsletter](http://signup.pm2.io/) Subscribe to be kept informed\n\nThanks in advance and we hope that you like pm2!\n\n------\n\n## Table of contents\n\n### Quick start\n\n- [Installation](#a1)\n- [Usage](#a2)\n- [Examples](#a3)\n- [Differents ways to launch a process](#a667)\n- [Options](#a987)\n- [How to update pm2 ?](#update-pm2)\n\n### Features\n\n- [Transitional state of apps](#a4)\n- [Process listing](#a6)\n- [Monitoring CPU/Memory usage](#a7)\n- [Logs management](#a9)\n- [Clustering](#a5)\n- [Watch & Restart](#a890)\n- [Reloading without downtime](#a690)\n- [Make pm2 restart on server reboot](#a8)\n- [JSON app declaration](#a10)\n\n### Deployment - ecosystem.json\n\n- [Getting started with deployment](#deployment)\n- [Deployment options](#deployment-help)\n- [Considerations](#considerations)\n- [Contributing](#deployment-contribution)\n\n### Using PM2 programmatically (via API)\n\n- [Simple example](#programmatic-example)\n- [Programmatic API](#programmatic-api)\n\n### Specific\n\n- [Specific features](#a77)\n- [Configuration file](#a989)\n- [Enabling Harmony ES6](#a66)\n- [CoffeeScript](#a19)\n- [Testing pm2 on your prod environment](#a149)\n- [JSON app via pipe](#a96)\n\n### Knowledge\n\n- [Stateless apps ?](#stateless-apps)\n- [Transitional state of apps](#a4)\n- [Setup pm2 on server: tutorial](#a89)\n- [Logs and PID files](#a34)\n- [Execute any script: What is fork mode ?](#a23)\n\n### More\n\n- [Contributing/Development mode](#a27)\n- [Known bugs and workaround](#a21)\n- [They talk about it](#a20)\n- [License](#a15)\n\n------\n\n# Quick start\n\n<a name="a1"/>\n## Installation\n\nThe preferred Node version to run pm2, is the **0.11.10**\n\nThe latest pm2 stable version is installable via NPM:\n\n```bash\n$ npm install pm2@latest -g\n```\n\nIf the above fails:\n\n```bash\n$ npm install git://github.com/Unitech/pm2#master -g\n```\n\n<a name="a2"/>\n## Usage\n\nHello world:\n\n```bash\n$ pm2 start app.js\n```\n\n<a name="a3"/>\n## Examples\n\nRaw examples:\n\n```bash\n$ pm2 start app.js --name my-api # Name process\n\n$ pm2 start app.js -i max        # Will start maximum processes with LB depending on available CPUs\n\n# Listing\n\n$ pm2 list               # Display all processes status\n$ pm2 jlist              # Print process list in raw JSON\n$ pm2 prettylist         # Print process list in beautified JSON\n\n$ pm2 describe 0         # Display all informations about a specific process\n\n$ pm2 monit              # Monitor all processes\n\n# Logs\n\n$ pm2 logs               # Display all processes logs in streaming\n$ pm2 ilogs              # Advanced termcaps interface to display logs\n$ pm2 flush              # Empty all log file\n$ pm2 reloadLogs         # Reload all logs\n\n# Actions\n\n$ pm2 stop all           # Stop all processes\n$ pm2 restart all        # Restart all processes\n\n$ pm2 reload all         # Will 0s downtime reload (for NETWORKED apps)\n$ pm2 gracefulReload all # Send exit message then reload (for networked apps)\n\n$ pm2 stop 0             # Stop specific process id\n$ pm2 restart 0          # Restart specific process id\n\n$ pm2 delete 0           # Will remove process from pm2 list\n$ pm2 delete all         # Will remove all processes from pm2 list\n\n# Misc\n\n$ pm2 updatePM2          # Update in memory pm2\n$ pm2 ping               # Ensure pm2 dameon has been launched\n$ pm2 sendSignal SIGUSR2 my-app # Send system signal to script\n$ pm2 start app.js --no-daemon\n```\n\n## Different ways to launch a process\n\n```bash\n$ pm2 start app.js -i max  # Will start maximum processes depending on available CPUs\n\n$ pm2 start app.js -i 3    # Will start 3 processes\n\n$ pm2 start app.js -i max -- -a 23  # Pass arguments after -- to app.js\n\n$ pm2 start app.js -x            # Start app.js in fork mode instead of cluster\n$ pm2 start app.js -x -- -a 23   # Start app.js in fork mode and pass arguments (-a 23)\n\n$ pm2 start app.js --log-date-format ""YYYY-MM-DD HH:mm Z"    # Log will be prefixed with custom time format\n\n$ pm2 start app.js --name serverone # Start a process an name it as server one\n                                    # you can now stop the process by doing\n                                    # pm2 stop serverone\n\n$ pm2 start app.json                # Start processes with options declared in app.json\n                                    # Go to chapter Multi process JSON declaration for more\n\n$ pm2 start app.js -i max -e err.log -o out.log  # Will start and generate a configuration file\n\n$ pm2 start app.js --node-args="--debug=7001 --trace-deprecation" # --node-args command line option to pass options to node\n\n$ pm2 --run-as-user foo start app.js  # Start app.js as user foo instead of root (pm2 must be running as root)\n\n$ pm2 --run-as-user foo --run-as-group bar start app.js  # Start app.js as foo:bar instead of root:root (pm2 must be running as root)\n```\n\nFor scripts in other languages:\n\n```bash\n$ pm2 start echo.coffee\n$ pm2 start echo.php\n$ pm2 start echo.py\n$ pm2 start echo.sh\n$ pm2 start echo.rb\n$ pm2 start echo.pl\n```\n\n<a name="a987"/>\n## Options\n\n```\nOptions:\n\n    -h, --help                   output usage information\n    -V, --version                output the version number\n    -v --verbose                 verbose level\n    -s --silent                  hide all messages\n    -m --mini-list               display a compacted list without formatting\n    -f --force                   force actions\n    -n --name <name>             set a <name> for script\n    -i --instances <number>      launch [number|\'max\'] (load balanced) instances (for networked app)\n    -o --output <path>           specify out log file\n    -e --error <path>            specify error log file\n    -p --pid <pid>               specify pid file\n    -x --execute-command         execute a program using fork system\n    -u --user <username>         define user when generating startup script\n    -c --cron <cron_pattern>     restart a running process based on a cron pattern\n    -w --write                   write configuration in local folder\n    --interpreter <interpreter>  the interpreter pm2 should use for executing app (bash, python...)\n    --no-daemon                  run pm2 daemon in the foreground if it doesn\'t exist already\n    --merge-logs                 merge logs\n    --watch                      watch folder(s) for changes. When `true`, watching all folders from root. Can also be a string or an array of strings for paths to watch for changes.\n    --node-args <node_args>      space-delimited arguments to pass to node in cluster mode - e.g. --node-args="--debug=7001 --trace-deprecation"\n    --run-as-user <run_as_user>    The user or uid to run a managed process as\n    --run-as-group <run_as_group>  The group or gid to run a managed process as\n```\n\n<a name="update-pm2"/>\n## How to update pm2\n\nInstall the latest pm2 version :\n\n```bash\n$ npm install pm2@latest -g\n```\n\nThen update the in-memory pm2 :\n\n```bash\n$ pm2 updatePM2\n```\n\n# Features\n\n<a name="a4"/>\n## Transitional state of apps (important)\n\npm2 is a process manager, as said, pm2 can start, stop, restart and *delete* processes.\n\nStart a process:\n\n```bash\n$ pm2 start app.js --name "my-api"\n$ pm2 start web.js --name "web-interface"\n```\n\nNow let\'s say I need to stop the web-interface:\n\n```bash\n$ pm2 stop web-interface\n```\n\nAs you can see **the process hasn\'t disapeared**. It is still there but now in `stopped` status.\n\nTo restart it just do:\n\n```bash\n$ pm2 restart web-interface\n```\n\nNow I want to **delete** the app from the pm2 process list.\nTo do that:\n\n```bash\n$ pm2 delete web-interface\n```\n\n<a name="a6"/>\n## Process listing\n\n![Monit](https://github.com/unitech/pm2/raw/master/pres/pm2-list.png)\n\nTo list all running processes:\n\n```bash\n$ pm2 list\n# Or\n$ pm2 [list|ls|l|status]\n```\n\nTo get more details about a specific process:\n\n```bash\n$ pm2 describe 0\n```\n\n<a name="a7"/>\n## Monitoring CPU/Memory usage\n\n![Monit](https://github.com/unitech/pm2/raw/master/pres/pm2-monit.png)\n\nMonitor all processes launched:\n\n```bash\n$ pm2 monit\n```\n\n<a name="a9"/>\n## Logs management\n\n### Displaying logs in realtime\n\n![Monit](https://github.com/unitech/pm2/raw/master/pres/pm2-logs.png)\n\nDisplaying logs of specified process or all processes in realtime:\n\n```bash\n$ pm2 logs\n$ pm2 logs big-api\n$ pm2 flush # Clear all the logs\n```\n\n### Advanced log interface\n\nNavigate between processes logs in realtime with an ergonomic interface:\n\n```bash\n$ pm2 ilogs\n```\n\n### Reloading all logs (SIGUSR2/Logrotate)\n\nTo reload all logs, you can send `SIGUSR2` to the pm2 process.\n\nYou can also reload all logs via the command line with:\n\n```bash\n$ pm2 reloadLogs\n```\n\n### Options\n\n```bash\n--merge-logs : merge logs from different instances but keep error and out separated\n--log-date-format <format>: prefix logs with formated timestamp (http://momentjs.com/docs/#/parsing/string-format/)\n```\n\n<a name="a5"/>\n## Clustering\n\nLaunch `max` instances (`max` depending on the number of CPUs available) and set the load balancer to balance queries among process:\n\n```bash\n$ pm2 start app.js --name "API" -i max\n```\n\nIf your app is well-designed (**stateless**) you\'ll be able to **process many more queries**.\n\nImportant concepts to make a Node.js app stateless:\n\n- Sessions must not be stored in memory but shared via a database (Redis, Mongo, whatever)\n- [WebSocket/Socket.io should communicate via a database](http://socket.io/docs/using-multiple-nodes/#passing-events-between-nodes)\n\n<a name="a690"/>\n## Reloading without downtime\n\nAs opposed to `restart`, which kills and restarts the process, `reload` achieves a 0-second-downtime reload.\n\n**Warning** This feature only works for apps in *cluster mode* (the default mode), that uses HTTP/HTTPS/Socket connections.\n\nTo reload an app:\n\n```bash\n$ pm2 reload api\n```\n\nIf the reload system hasn\'t managed to reload gracefully, a timeout will simply kill the process and will restart it.\n\n### Graceful reload\n\nSometimes you can experience a **very long reload, or a reload that doesn\'t work** (fallback to restart).\n\nIt means that your app **still has open connections on exit**.\n\nTo work around this problem you have to use the graceful reload.\nGraceful reload is a mechanism that will send a *shutdown* message to your process before reloading it.\nYou can control the time that the app has to shutdown via the `PM2_GRACEFUL_TIMEOUT` environment variable.\n\nExample:\n\n```javascript\nprocess.on(\'message\', function(msg) {\n  if (msg == \'shutdown\') {\n    // Your process is going to be reloaded\n    // You have to close all database/socket.io/* connections\n\n    console.log(\'Closing all connections...\');\n\n    // You will have 4000ms to close all connections before\n    // the reload mechanism will try to do its job\n\n    setTimeout(function() {\n      console.log(\'Finished closing connections\');\n      // This timeout means that all connections have been closed\n      // Now we can exit to let the reload mechanism do its job\n      process.exit(0);\n    }, 1500);\n  }\n});\n```\n\nThen use the command:\n\n```bash\n$ pm2 gracefulReload [all|name]\n```\n\nWhen pm2 starts a new process to replace an old one, it will wait for the new process to begin listening to a connection before sending the shutdown message to the old one.  If a script does not need to listen to a connection, it can manually tell pm2 that the process has started up by calling `process.send(\'online\')`.\n\n<a name="a8"/>\n## Startup script\n\npm2 has the amazing ability to **generate startup scripts and configure them**.\npm2 is also smart enough to **save all your process list** and to **bring back all your processes on restart**.\n\n```bash\n$ pm2 startup [ubuntu|centos|gentoo|systemd]\n```\n\nOnce you have started the apps and want to keep them on server reboot do:\n\n```bash\n$ pm2 save\n```\n\n**Warning** It\'s tricky to make this feature work generically, so once pm2 has setup your startup script, reboot your server to make sure that pm2 has launched your apps!\n\n### More information\n\nThree types of startup scripts are available:\n\n- SystemV init script (with the option `ubuntu` or `centos`)\n- OpenRC init script (with the option `gentoo`)\n- SystemD init script (with the `systemd` option)\n\nThe startup options are using:\n\n- **ubuntu** will use `updaterc.d` and the script `lib/scripts/pm2-init.sh`\n- **centos** will use `chkconfig` and the script `lib/scripts/pm2-init-centos.sh`\n- **gentoo** will use `rc-update` and the script `lib/scripts/pm2`\n- **systemd** will use `systemctl` and the script `lib/scripts/pm2.service`\n\n### User permissions\n\nLet\'s say you want the startup script to be executed under another user.\n\nJust use the `-u <username>` option !\n\n```bash\n$ pm2 startup ubuntu -u www\n```\n\n### Related commands\n\nDump all processes status and environment managed by pm2:\n```bash\n$ pm2 dump\n```\nIt populates the file `~/.pm2/dump.pm2` by default.\n\nTo bring back the latest dump:\n```bash\n$ pm2 resurrect\n```\n\n<a name="a890"/>\n## Watch & Restart\n\npm2 can automatically restart your app when a file changes in the current directory or its subdirectories:\n\n```bash\n$ pm2 start app.js --watch\n```\n\nIf `--watch` is enabled, stopping it won\'t stop watching:\n- `pm2 stop 0` \'ll not stop watching\n- `pm2 stop --watch 0` \'ll stop watching\n\nRestart toggle the `watch` parameter when triggered.\n\nTo watch specifics paths, please use a JSON app declaration, `watch` can take a string or an array of paths. Default is `true`:\n\n```json\n{\n  "watch": ["server", "client"],\n  "ignoreWatch" : ["node_modules", "client/img"]\n}\n\n```\n\n<a name="a10"/>\n## JSON app declaration\n\nYou can define parameters for your apps in `processes.json`:\n\n```json\n{\n  "apps" : [{\n    "name"        : "echo",\n    "script"      : "examples/args.js",\n    "args"        : "[\'--toto=heya coco\', \'-d\', \'1\']",\n    "log_date_format"  : "YYYY-MM-DD HH:mm Z",\n    "ignoreWatch" : ["[\\\\/\\\\\\\\]\\\\./", "node_modules"],\n    "watch"       : "true",\n    "cwd"         : "/this/is/a/path/to/start/script",\n    "env": {\n        "NODE_ENV": "production",\n        "AWESOME_SERVICE_API_TOKEN": "xxx"\n    }\n  },{\n    "name"       : "api",\n    "script"     : "./examples/child.js",\n    "instances"  : "4",\n    "log_date_format"  : "YYYY-MM-DD",\n    "error_file" : "./examples/child-err.log",\n    "out_file"   : "./examples/child-out.log",\n    "pid_file"   : "./examples/child.pid",\n    "exec_mode"  : "cluster_mode",\n    "port"       : 9005\n  },{\n    "name"       : "auto-kill",\n    "script"     : "./examples/killfast.js",\n    "min_uptime" : "100",\n    "exec_mode"  : "fork_mode",\n  }]\n}\n```\n\nThen run:\n```bash\n$ pm2 start processes.json\n$ pm2 stop processes.json\n$ pm2 delete processes.json\n$ pm2 restart processes.json\n```\n\n**A few notes about JSON app declarations:**\n\n- All command line options passed when using the JSON app declaration will be dropped i.e.\n\n```bash\n$ cat node-app-1.json\n\n{\n  "name" : "node-app-1",\n  "script" : "app.js",\n  "cwd" : "/srv/node-app-1/current"\n}\n\n$ pm2 --run-as-user app start node-app-1.json\n\n$ ps aux | grep node-app\nroot 14735 5.8 1.1 752476 83932 ? Sl 00:08 0:00 pm2: node-app-1  <-- owned by the default user (root), not app\n```\n- JSON app declarations are additive.  Continuing from above:\n```bash\n$ pm2 start node-app-2.json\n$ ps aux | grep node-app\nroot  14735  5.8  1.1  752476  83932 ? Sl 00:08 0:00 pm2: node-app-1\nroot  24271  0.0  0.3  696428  24208 ? Sl 17:36 0:00 pm2: node-app-2\n```\nNote that if you execute `pm2 start node-app-2` again, it will spawn an additional instance node-app-2.\n\n- **cwd:** your JSON declaration does not need to reside with your script.  If you wish to maintain the JSON(s) in a location other than your script (say, `/etc/pm2/conf.d/node-app.json`) you will need to use the cwd feature.  (Note, this is especially helpful for capistrano style directory structures that use symlinks.)  Files can be either relative to the cwd directory, or absolute (example below.)\n\n- The following are valid options for JSON app declarations:\n```\n[{\n  "name"             : "node-app",\n  "cwd"              : "/srv/node-app/current",\n  "args"             : "[\'--toto=heya coco\', \'-d\', \'1\']",\n  "script"           : "bin/app.js",\n  "log_date_format"  : "YYYY-MM-DD HH:mm Z",\n  "error_file"       : "/var/log/node-app/node-app.stderr.log",\n  "out_file"         : "log/node-app.stdout.log",\n  "pid_file"         : "pids/node-geo-api.pid",\n  "run_as_user"      : "app",\n  "run_as_group"     : "www-data",\n  "instances"        : "6", //or \'max\'\n  "min_uptime"       : "200", // milliseconds, defaults to 1000\n  "max_restarts"     : "10", // defaults to 15\n  "cron_restart"     : "1 0 * * *",\n  "watch"            : "false",\n  "ignoreWatch"      : ["[\\\\/\\\\\\\\]\\\\./", "node_modules"],\n  "merge_logs"       : "true",\n  "exec_interpreter" : "node",\n  "exec_mode"        : "cluster_mode",\n  "env": {\n    "NODE_ENV": "production",\n    "AWESOME_SERVICE_API_TOKEN": "xxx"\n  }\n}]\n```\n\n<a name="deployment"/>\n# Deployment (PM2 >= 0.9.0)\n\nPM2 embed a simple and powerful deployment system with revision tracing.\nIt\'s based on <a href="https://github.com/visionmedia/deploy">https://github.com/visionmedia/deploy</a>\n\n## Getting started with deployment\n\nPlease read the [Considerations to use PM2 deploy](#considerations)\n\n1- Generate a sample ecosystem.json file that list processes and deployment environment\n\n```bash\n$ pm2 ecosystem\n```\n\nIn the current folder a `ecosystem.json` file will be created.\nIt contains this:\n\n```json\n{\n  "apps" : [{\n    "name"      : "API",\n    "script"    : "app.js",\n    "env": {\n      "COMMON_VARIABLE": "true"\n    },\n    "env_production" : {\n      "NODE_ENV": "production"\n    }\n  },{\n    "name"      : "WEB",\n    "script"    : "web.js"\n  }],\n  "deploy" : {\n    "production" : {\n      "user" : "node",\n      "host" : "212.83.163.1",\n      "ref"  : "origin/master",\n      "repo" : "git@github.com:repo.git",\n      "path" : "/var/www/production",\n      "post-deploy" : "pm2 startOrRestart ecosystem.json --env production"\n    },\n    "dev" : {\n      "user" : "node",\n      "host" : "212.83.163.1",\n      "ref"  : "origin/master",\n      "repo" : "git@github.com:repo.git",\n      "path" : "/var/www/development",\n      "post-deploy" : "pm2 startOrRestart ecosystem.json --env dev"\n    }\n  }\n}\n```\n\nEdit the file according to your needs.\n\n2- Be sure that you have the public ssh key on your local machine\n\n```bash\n$ ssh-keygen -t rsa\n$ ssh-copy-id root@myserver.com\n```\n\n3- Now initialize the remote folder with:\n\n```bash\n$ pm2 deploy <configuration_file> <environment> setup\n```\n\nE.g:\n\n```bash\n$ pm2 deploy ecosystem.json production setup\n```\n\nThis command will create all the folders on your remote server.\n\n4- Deploy your code\n\n```bash\n$ pm2 deploy ecosystem.json production\n```\n\nNow your code will be populated, installed and started with PM2\n\n<a name="deployment-help"/>\n## Deployment options\n\n```\n$ pm2 deploy <configuration_file> <environment> <command>\n\n  Commands:\n    setup                run remote setup commands\n    update               update deploy to the latest release\n    revert [n]           revert to [n]th last deployment or 1\n    curr[ent]            output current release commit\n    prev[ious]           output previous release commit\n    exec|run <cmd>       execute the given <cmd>\n    list                 list previous deploy commits\n    [ref]                deploy to [ref], the "ref" setting, or latest tag\n```\n\n<a name="considerations"/>\n## Considerations\n\n- Commit your node_modules folder. It\'s a best practice when you deploy code\n- You can declare specific environment variable depending on the environment you want to deploy the code to. For instance to declare variables for the production environment, just add "env_production": {} and declare that variables.\n- PM2 will look by default to `ecosystem.json`. So you can skip the <configuration_file> options if it\'s the case\n- It deploys your code via ssh, you don\'t need any dependencies\n- Process are initialized / started automatically depending on application name in `ecosystem.json`\n- PM2-deploy is not on the main PM2 repository\n\n<a name="deployment-contribution"/>\n## Contributing\n\nThe module is <a href="https://github.com/Unitech/pm2-deploy">https://github.com/Unitech/pm2-deploy</a>\nFeel free to PR for any changes or fix.\n\n<a name="programmatic-example"/>\n# Using PM2 programmatically\n\nPM2 can be used programmatically, meaning that you can embed a process manager directly in your code, spawn processes, keep them alive even if the main script is exited.\n\nCheck out [this article](http://keymetrics.io/2014/07/02/manage-processes-programmatically-with-pm2/) for more informations.\n\n## Simple example\n\nThis will require pm2, launch `test.js`, list processes then exit the script.\nYou will notice that after exiting this script you will be able to see `test.js` process with `pm2 list`\n\n```bash\n$ npm install pm2 --save\n```\n\n```javascript\nvar pm2 = require(\'pm2\');\n\n// Connect or launch PM2\npm2.connect(function(err) {\n\n  // Start a script on the current folder\n  pm2.start(\'test.js\', { name: \'test\' }, function(err, proc) {\n    if (err) throw new Error(\'err\');\n\n    // Get all processes running\n    pm2.list(function(err, process_list) {\n      console.log(process_list);\n\n      // Disconnect to PM2\n      pm2.disconnect(function() { process.exit(0) });\n    });\n  });\n})\n```\n\n<a name="programmatic-api"/>\n## Programmatic API\n\n<table class="table table-striped table-bordered">\n    <tr>\n        <th>Method name</th>\n        <th>API</th>\n    </tr>\n     <tr>\n      <td><b>Connect/Launch</b></td>\n      <td>pm2.connect(fn(err){})</td>\n    </tr>\n     <tr>\n      <td><b>Disconnect</b></td>\n      <td>pm2.disconnect(fn(err, proc){})</td>\n    </tr>\n</table>\n\n**Consideration with .connect**: the .connect method connect to the local PM2, but if PM2 is not up, it will launch it and will put in in background as you launched it via CLI.\n\n<table class="table table-striped table-bordered">\n    <tr>\n        <th>Method name</th>\n        <th>API</th>\n    </tr>\n    <tr>\n      <td><b>Start</b></td>\n      <td>pm2.start(script_path|json_path, options, fn(err, proc){})</td>\n    </tr>\n    <tr>\n      <td>Options </td>\n      <td>\n      nodeArgs(arr), scriptArgs(arr), name(str), instances(int), error(str), output(str), pid(int), cron(str), mergeLogs(bool), watch(bool), runAsUser(int), runAsGroup(int), executeCommand(bool), interpreter(str), write(bool)</td>\n    </tr>\n    <tr>\n      <td><b>Restart</b></td>\n      <td>pm2.restart(proc_name|proc_id|all, fn(err, proc){})</td>\n       </tr>\n     <tr>\n      <td><b>Stop</b></td>\n      <td>pm2.stop(proc_name|proc_id|all, fn(err, proc){})</td>\n    </tr>\n    <tr>\n      <td><b>Delete</b></td>\n      <td>pm2.delete(proc_name|proc_id|all, fn(err, proc){})</td>\n    </tr>\n\n\n    <tr>\n      <td><b>Reload</b></td>\n      <td>pm2.reload(proc_name|all, fn(err, proc){})</td>\n    </tr>\n      <tr>\n      <td><b>Graceful Reload</b></td>\n      <td>pm2.gracefulReload(proc_name|all, fn(err, proc){})</td>\n    </tr>\n</table>\n\n<table class="table table-striped table-bordered">\n    <tr>\n        <th>Method name</th>\n        <th>API</th>\n    </tr>\n    <tr>\n      <td><b>List</b></td>\n      <td>pm2.list(fn(err, list){})</td>\n    </tr>\n    <tr>\n      <td><b>Describe process</b></td>\n      <td>pm2.describe(proc_name|proc_id, fn(err, list){})</td>\n    </tr>\n    <tr>\n      <td><b>Dump (save)</b></td>\n      <td>pm2.dump(fn(err, ret){})</td>\n    </tr>\n    <tr>\n      <td><b>Flush logs</b></td>\n      <td>pm2.flush(fn(err, ret){})</td>\n    </tr>\n     <tr>\n      <td><b>Reload logs</b></td>\n      <td>pm2.reloadLogs(fn(err, ret){})</td>\n    </tr>\n         <tr>\n      <td><b>Send signal</b></td>\n      <td>pm2.sendSignalToProcessName(signal,proc,fn(err, ret){})</td>\n    </tr>\n     <tr>\n      <td><b>Generate start script</b></td>\n      <td>pm2.startup(platform, fn(err, ret){})</td>\n    </tr>\n     <tr>\n      <td><b>Kill PM2</b></td>\n      <td>pm2.killDaemon(fn(err, ret){})</td>\n    </tr>\n</table>\n\n<a name="a77"/>\n# Special features\n\nLaunching pm2 without daemonizing itself:\n\n```bash\n$ pm2 start app.js --no-daemon\n```\n\nSending a system signal to a process:\n\n```bash\n$ pm2 sendSignal SIGUSR2 my-app\n```\n\n<a name="a989"/>\n## Configuration file\n\nYou can specifiy the following options by editing the file `~/.pm2/custom_options.sh`:\n\n```\nPM2_RPC_PORT\nPM2_PUB_PORT\nPM2_BIND_ADDR\nPM2_API_PORT\nPM2_GRACEFUL_TIMEOUT\nPM2_MODIFY_REQUIRE\nPM2_NODE_OPTIONS\n```\n\n\n## API health endpoint\n\n```bash\n$ pm2 web\n```\n\n<a name="a66"/>\n## Enabling Harmony ES6\n\n### Enable by default for all processes\n\nYou can enable Harmony ES6 by setting `PM2_NODE_OPTIONS=\'--harmony\'` environment variable option when you start pm2 (pm2 should not be already daemonized).\n\nTo pass this option by default, you can edit `~/.pm2/custom_options.sh` and add:\n\n```bash\nexport PM2_NODE_OPTIONS=\'--harmony\'\n```\n\nThen:\n\n```bash\n$ pm2 dump\n$ pm2 exit\n$ pm2 resurrect\n```\n\nIf ES6 has been enabled you should see this message at the beggining of each pm2 command:\n\n```\n ES6 mode\n```\n\n### Enable for specific processes\n\n```bash\n$ pm2 start my_app.js --node-args="--harmony"\n```\n\n<a name="a19"/>\n## CoffeeScript\n\n```bash\n$ pm2 start my_app.coffee\n```\n\nThat\'s all!\n\n# Knowledge\n\n\n<a name="stateless-apps"/>\n## Stateless apps\n\nWe recommend (and you must) write stateless NodeJS apps. Apps that don\'t retain any form of local variables or local instances or whatever local.\nEvery data, states, websocket session, session data, must be shared via any kind of database.\n\nWe recommend using Redis for sharing session data, websocket.\n\n- SocketIO with Redis : [https://github.com/LearnBoost/Socket.IO/wiki/Configuring-Socket.IO](Configuring SocketIO)\n- Redis session store for Connect : [https://github.com/visionmedia/connect-redis](Connect-redis)\n\nWe recommend following the 12 factor convention : [http://12factor.net/](http://12factor.net/)\n\n<a name="a89"/>\n## Setup pm2 on a server\n\n[How To Use pm2 to Setup a Node.js Production Environment On An Ubuntu VPS](https://www.digitalocean.com/community/articles/how-to-use-pm2-to-setup-a-node-js-production-environment-on-an-ubuntu-vps)\n\n<a name="a34"/>\n## Log and PID files\n\nBy default, logs (error and output), pid files, dumps, and pm2 logs are located in `~/.pm2/`:\n\n```\n.pm2/\n dump.pm2\n custom_options.sh\n pm2.log\n pm2.pid\n logs\n pids\n```\n\n<a name="a23"/>\n## Execute any script: What is fork mode?\n\nThe default mode of pm2 consists of wrapping the code of your node application into the Node Cluster module. It\'s called the **cluster mode**.\n\nThere is also a more classical way to execute your app, like node-forever does, called the **fork mode**.\n\nIn fork mode almost all options are the same as the cluster mode. But there is no [`reload`](#reloading-without-downtime) or `gracefulReload` command.\n\n**By using the fork mode you will lose core features of pm2 like the automatic clusterization of your code over all CPUs available and the 0s reload.**\n\nSo use it if you only need a forever-like behaviour.\n\nHere is how to start your app within a fork:\n\n```bash\n$ pm2 start app.js -x   # Will start your app.js in fork mode\n$ pm2 list              # You will see that on the row "mode" it\'s written "fork"\n```\n\nYou can also exec scripts written in other languages:\n\n```bash\n$ pm2 start my-bash-script.sh -x --interpreter bash\n\n$ pm2 start my-python-script.py -x --interpreter python\n```\n\n<a name="a96"/>\n## JSON app configuration via pipe from stdout\n\nPull-requests:\n- [#273](https://github.com/Unitech/pm2/pull/273)\n- [#279](https://github.com/Unitech/pm2/pull/279)\n\n```bash\n#!/bin/bash\n\nread -d \'\' my_json <<_EOF_\n[{\n    "name"       : "app1",\n    "script"     : "/home/projects/pm2_nodetest/app.js",\n    "instances"  : "4",\n    "error_file" : "./logz/child-err.log",\n    "out_file"   : "./logz/child-out.log",\n    "pid_file"   : "./logz/child.pid",\n    "exec_mode"  : "cluster_mode",\n    "port"       : 4200\n}]\n_EOF_\n\necho $my_json | pm2 start -\n```\n\n<a name="a149"/>\n## Is my production server ready for pm2?\n\nJust try the tests before using pm2 on your production server\n\n```bash\n$ git clone https://github.com/Unitech/pm2.git\n$ cd pm2\n$ npm install  # Or do NODE_ENV=development npm install if some packages are missing\n$ npm test\n```\n\nIf a test is broken please report us issues [here](https://github.com/Unitech/pm2/issues?state=open)\nAlso make sure you have all dependencies needed. For Ubuntu:\n\n```bash\n$ sudo apt-get install build-essential\n# nvm is a Node.js version manager - https://github.com/creationix/nvm\n$ wget -qO- https://raw.github.com/creationix/nvm/master/install.sh | sh\n$ nvm install v0.11.10\n$ nvm use v0.11.10\n$ nvm alias default v0.11.10\n```\n\n<a name="a27"/>\n## Contributing/Development mode\n\nTo hack pm2, it\'s pretty simple:\n\n```bash\n$ pm2 kill   # kill the current pm2\n$ git clone my_pm2_fork.git\n$ cd pm2/\n$ DEBUG=* PM2_DEBUG=true ./bin/pm2 --no-daemon\n```\n\nEach time you edit the code, be sure to kill and restart pm2 to make changes taking effect.\n\n## Install pm2 development\n\n```bash\n$ npm install git://github.com/Unitech/pm2#development -g\n```\n\n<a name="a21"/>\n## Known bugs and workarounds\n\nFirst, install the lastest pm2 version:\n\n```bash\n$ npm install -g pm2@latest\n```\n\n### Node 0.10.x doesn\'t free the script port when stopped. It\'s due to the Node.js cluster module.\nSo if you feel that this problem is important for your use case, use the [fork mode](#execute-any-script-what-is-fork-mode-) instead.\nBy using the fork mode you will lose core features of pm2 like the automatic clusterization of your code over all CPUs available and the 0s reload.\n\n```\n$ pm2 start index.js -x  # start my app in fork mode\n```\n\nFor more information about this, see [issue #74](https://github.com/Unitech/pm2/issues/74).\n\n### `Cannot read property \'getsockname\' of undefined`\n\nWhen using the cluster mode (by default) you can\'t use ports from 0 to 1024. If you really need to exec in this range use the [fork mode](#a23) with the `-x` parameter.\nBy using the fork mode you will lose core features of pm2 like the automatic clusterization of your code over all CPUs available and the 0s reload.\n\n<a name="a20"/>\n## External resources and articles\n\n- [Goodbye node-forever, hello pm2](http://devo.ps/blog/2013/06/26/goodbye-node-forever-hello-pm2.html)\n- http://www.allaboutghost.com/keep-ghost-running-with-pm2/\n- http://blog.ponyfoo.com/2013/09/19/deploying-node-apps-to-aws-using-grunt\n- http://www.allaboutghost.com/keep-ghost-running-with-pm2/\n- http://bioselemental.com/keeping-ghost-alive-with-pm2/\n- http://blog.chyld.net/installing-ghost-on-ubuntu-13-10-aws-ec2-instance-with-pm2/\n- http://blog.marvinroger.fr/gerer-ses-applications-node-en-production-pm2/\n- https://www.codersgrid.com/2013/06/29/pm2-process-manager-for-node-js/\n- http://www.z-car.com/blog/programming/how-to-rotate-logs-using-pm2-process-manager-for-node-js\n- http://yosoftware.com/blog/7-tips-for-a-node-js/\n- https://www.exponential.io/blog/nodeday-2014-moving-a-large-developer-workforce-to-nodejs\n- http://blog.rapsli.ch/posts/2013/2013-10-17-node-monitor-pm2.html\n- https://coderwall.com/p/igdqyw\n- http://revdancatt.com/2013/09/17/node-day-1-getting-the-server-installing-node-and-pm2/\n- https://medium.com/tech-talk/e7c0b0e5ce3c\n\n## Some tips\n- [Vagrant and pm2 #289](https://github.com/Unitech/pm2/issues/289#issuecomment-42900019)\n- [Start the same app on different ports #322](https://github.com/Unitech/pm2/issues/322#issuecomment-46792733)\n- [Using ansible with pm2](https://github.com/Unitech/pm2/issues/88#issuecomment-49106686)\n- [Cron string as argument](https://github.com/Unitech/pm2/issues/496#issuecomment-49323861)\n\n## Contributors\n\n```\n   195  tknew2\n   184  Alexandre Strzelewicz\n    20  Alex Kocharin\n     8  soyuka\n     6  sailxjx\n     5  Bret Copeland\n     4  AS\n     4  Ville Walveranta\n     4  achingbrain\n     3  Ben Postlethwaite\n     3  Evan You\n     2  Frederico Silva\n     2  Ivan Seidel\n     2  MATSUU Takuto\n     2  Oleg\n     2  Willian\n     2  Yani Iliev\n     1  Almog Melamed\n     1  Brent Burgoyne\n     1  Daniel Pihlstrom\n     1  Ed Hubbell\n     1  Eugene Lucash\n     1  Gil Pedersen\n     1  Hao-kang Den\n     1  John Hurliman\n     1  Jose V. Trigueros\n     1  Josh Skidmore\n     1  Juozas Valenius\n     1  Kevin Gao\n     1  Loc Mahieu\n     1  Mark Evans\n     1  Nathan Peck\n     1  TruongSinh Tran-Nguyen\n     1  Wes Mason\n     1  Zihua Li\n     1  perfectworks\n     1  subeeshcbabu\n     1  Michael Heuberger\n```\n\n## Sponsors\n\nThanks to [Devo.ps](http://devo.ps/) and [Wiredcraft](http://wiredcraft.com/) for their knowledge and expertise.\n\n[![Bitdeli Badge](https://d2weczhvl823v0.cloudfront.net/Unitech/pm2/trend.png)](https://bitdeli.com/free "Bitdeli Badge")\n\n<a name="a15"/>\n# License\n\nFiles in `lib/` are made available under the terms of the GNU Affero General Public License (AGPL).\n`pm2-interface` is made under the terms of the Apache V2 license.\n',
581 silly resolved     readmeFilename: 'README.md',
581 silly resolved     _id: 'pm2@0.9.6',
581 silly resolved     dist: { shasum: 'de68654ff9694a51c25e1dade04852cd353639bc' },
581 silly resolved     _from: 'pm2@',
581 silly resolved     _resolved: 'https://registry.npmjs.org/pm2/-/pm2-0.9.6.tgz' } ]
582 info install pm2@0.9.6 into C:\Users\Voyager\AppData\Roaming\npm
583 info installOne pm2@0.9.6
584 error notsup Unsupported
584 error notsup Not compatible with your operating system or architecture: pm2@0.9.6
584 error notsup Valid OS:    !win32
584 error notsup Valid Arch:  any
584 error notsup Actual OS:   win32
584 error notsup Actual Arch: x64
585 error System Windows_NT 6.1.7601
586 error command "C:\\Program Files (x86)\\nodejs\\\\node.exe" "C:\\Program Files (x86)\\nodejs\\node_modules\\npm\\bin\\npm-cli.js" "install" "pm2" "-g"
587 error cwd C:\Users\Voyager\Documents\Bitbucket\Herro\Web
588 error node -v v0.10.25
589 error npm -v 1.3.24
590 error code EBADPLATFORM
591 verbose exit [ 1, true ]
